2024-11-18 19:14:58,579 INFO [restartedMain] com.bestbigkk.BBKApplication [StartupInfoLogger.java : 55] Starting BBKApplication on ananMacBook-Air.local with PID 28075 (/Users/aq/Documents/CS5760/project/EMRMS/bbk-mss-java/bbk-mss-web/target/classes started by aq in /Users/aq/Documents/CS5760/project/EMRMS/bbk-mss-java)
2024-11-18 19:14:58,600 INFO [restartedMain] com.bestbigkk.BBKApplication [SpringApplication.java : 651] No active profile set, falling back to default profiles: default
2024-11-18 19:14:58,693 INFO [restartedMain] o.s.b.d.e.DevToolsPropertyDefaultsPostProcessor [DeferredLog.java : 225] Devtools property defaults active! Set 'spring.devtools.add-properties' to 'false' to disable
2024-11-18 19:14:58,697 INFO [restartedMain] o.s.b.d.e.DevToolsPropertyDefaultsPostProcessor [DeferredLog.java : 225] For additional web related logging consider setting the 'logging.level.web' property to 'DEBUG'
2024-11-18 19:15:00,430 INFO [restartedMain] o.s.d.r.c.RepositoryConfigurationDelegate [RepositoryConfigurationDelegate.java : 249] Multiple Spring Data modules found, entering strict repository configuration mode!
2024-11-18 19:15:00,435 INFO [restartedMain] o.s.d.r.c.RepositoryConfigurationDelegate [RepositoryConfigurationDelegate.java : 127] Bootstrapping Spring Data Redis repositories in DEFAULT mode.
2024-11-18 19:15:00,492 INFO [restartedMain] o.s.d.r.c.RepositoryConfigurationDelegate [RepositoryConfigurationDelegate.java : 187] Finished Spring Data repository scanning in 43ms. Found 0 Redis repository interfaces.
2024-11-18 19:15:01,025 INFO [restartedMain] o.s.c.s.PostProcessorRegistrationDelegate$BeanPostProcessorChecker [PostProcessorRegistrationDelegate.java : 330] Bean 'spring.redis-org.springframework.boot.autoconfigure.data.redis.RedisProperties' of type [org.springframework.boot.autoconfigure.data.redis.RedisProperties] is not eligible for getting processed by all BeanPostProcessors (for example: not eligible for auto-proxying)
2024-11-18 19:15:01,030 INFO [restartedMain] o.s.c.s.PostProcessorRegistrationDelegate$BeanPostProcessorChecker [PostProcessorRegistrationDelegate.java : 330] Bean 'org.springframework.boot.autoconfigure.data.redis.LettuceConnectionConfiguration' of type [org.springframework.boot.autoconfigure.data.redis.LettuceConnectionConfiguration] is not eligible for getting processed by all BeanPostProcessors (for example: not eligible for auto-proxying)
2024-11-18 19:15:01,116 INFO [restartedMain] o.s.c.s.PostProcessorRegistrationDelegate$BeanPostProcessorChecker [PostProcessorRegistrationDelegate.java : 330] Bean 'lettuceClientResources' of type [io.lettuce.core.resource.DefaultClientResources] is not eligible for getting processed by all BeanPostProcessors (for example: not eligible for auto-proxying)
2024-11-18 19:15:01,285 INFO [restartedMain] o.s.c.s.PostProcessorRegistrationDelegate$BeanPostProcessorChecker [PostProcessorRegistrationDelegate.java : 330] Bean 'redisConnectionFactory' of type [org.springframework.data.redis.connection.lettuce.LettuceConnectionFactory] is not eligible for getting processed by all BeanPostProcessors (for example: not eligible for auto-proxying)
2024-11-18 19:15:01,303 INFO [restartedMain] o.s.c.s.PostProcessorRegistrationDelegate$BeanPostProcessorChecker [PostProcessorRegistrationDelegate.java : 330] Bean 'redisConfig' of type [com.bestbigkk.web.config.RedisConfig$$EnhancerBySpringCGLIB$$3e0bdca8] is not eligible for getting processed by all BeanPostProcessors (for example: not eligible for auto-proxying)
2024-11-18 19:15:01,325 INFO [restartedMain] o.s.c.s.PostProcessorRegistrationDelegate$BeanPostProcessorChecker [PostProcessorRegistrationDelegate.java : 330] Bean 'jwtUtils' of type [com.bestbigkk.common.utils.JwtUtils] is not eligible for getting processed by all BeanPostProcessors (for example: not eligible for auto-proxying)
2024-11-18 19:15:01,325 INFO [restartedMain] o.s.c.s.PostProcessorRegistrationDelegate$BeanPostProcessorChecker [PostProcessorRegistrationDelegate.java : 330] Bean 'myJwtRealm' of type [com.bestbigkk.web.config.shiro.authc.MyJwtRealm] is not eligible for getting processed by all BeanPostProcessors (for example: not eligible for auto-proxying)
2024-11-18 19:15:01,330 INFO [restartedMain] o.s.c.s.PostProcessorRegistrationDelegate$BeanPostProcessorChecker [PostProcessorRegistrationDelegate.java : 330] Bean 'shiroConfig' of type [com.bestbigkk.web.config.shiro.ShiroConfig$$EnhancerBySpringCGLIB$$41f3e481] is not eligible for getting processed by all BeanPostProcessors (for example: not eligible for auto-proxying)
2024-11-18 19:15:01,434 INFO [restartedMain] c.b.web.config.shiro.ShiroConfig [ShiroConfig.java : 121] 成功注入自定义Realm: com.bestbigkk.web.config.shiro.authc.MyJwtRealm
2024-11-18 19:15:01,437 INFO [restartedMain] c.b.web.config.shiro.ShiroConfig [ShiroConfig.java : 166] 创建Shiro缓存管理器RedisCacheManager, 缓存时间:3600
2024-11-18 19:15:01,447 INFO [restartedMain] com.bestbigkk.web.config.RedisConfig [RedisConfig.java : 81] 创建RedisManager,连接Redis..URL= localhost:6379
2024-11-18 19:15:01,456 INFO [restartedMain] o.s.c.s.PostProcessorRegistrationDelegate$BeanPostProcessorChecker [PostProcessorRegistrationDelegate.java : 330] Bean 'redisManager' of type [org.crazycake.shiro.RedisManager] is not eligible for getting processed by all BeanPostProcessors (for example: not eligible for auto-proxying)
2024-11-18 19:15:01,463 INFO [restartedMain] o.s.c.s.PostProcessorRegistrationDelegate$BeanPostProcessorChecker [PostProcessorRegistrationDelegate.java : 330] Bean 'securityManager' of type [org.apache.shiro.web.mgt.DefaultWebSecurityManager] is not eligible for getting processed by all BeanPostProcessors (for example: not eligible for auto-proxying)
2024-11-18 19:15:01,472 INFO [restartedMain] c.b.web.config.shiro.ShiroConfig [ShiroConfig.java : 106] 配置Shiro拦截链完成...
2024-11-18 19:15:01,565 INFO [restartedMain] o.s.c.s.PostProcessorRegistrationDelegate$BeanPostProcessorChecker [PostProcessorRegistrationDelegate.java : 330] Bean 'authorizationAttributeSourceAdvisor' of type [org.apache.shiro.spring.security.interceptor.AuthorizationAttributeSourceAdvisor] is not eligible for getting processed by all BeanPostProcessors (for example: not eligible for auto-proxying)
2024-11-18 19:15:01,647 INFO [restartedMain] o.s.c.s.PostProcessorRegistrationDelegate$BeanPostProcessorChecker [PostProcessorRegistrationDelegate.java : 330] Bean 'spring.datasource.dynamic-com.baomidou.dynamic.datasource.spring.boot.autoconfigure.DynamicDataSourceProperties' of type [com.baomidou.dynamic.datasource.spring.boot.autoconfigure.DynamicDataSourceProperties] is not eligible for getting processed by all BeanPostProcessors (for example: not eligible for auto-proxying)
2024-11-18 19:15:01,713 INFO [restartedMain] o.s.c.s.PostProcessorRegistrationDelegate$BeanPostProcessorChecker [PostProcessorRegistrationDelegate.java : 330] Bean 'com.baomidou.dynamic.datasource.spring.boot.autoconfigure.DynamicDataSourceAutoConfiguration' of type [com.baomidou.dynamic.datasource.spring.boot.autoconfigure.DynamicDataSourceAutoConfiguration$$EnhancerBySpringCGLIB$$d8b2ec2a] is not eligible for getting processed by all BeanPostProcessors (for example: not eligible for auto-proxying)
2024-11-18 19:15:01,749 INFO [restartedMain] o.s.c.s.PostProcessorRegistrationDelegate$BeanPostProcessorChecker [PostProcessorRegistrationDelegate.java : 330] Bean 'dsProcessor' of type [com.baomidou.dynamic.datasource.processor.DsHeaderProcessor] is not eligible for getting processed by all BeanPostProcessors (for example: not eligible for auto-proxying)
2024-11-18 19:15:01,756 INFO [restartedMain] o.s.c.s.PostProcessorRegistrationDelegate$BeanPostProcessorChecker [PostProcessorRegistrationDelegate.java : 330] Bean 'dynamicDatasourceAnnotationAdvisor' of type [com.baomidou.dynamic.datasource.aop.DynamicDataSourceAnnotationAdvisor] is not eligible for getting processed by all BeanPostProcessors (for example: not eligible for auto-proxying)
2024-11-18 19:15:01,859 INFO [restartedMain] o.s.c.s.PostProcessorRegistrationDelegate$BeanPostProcessorChecker [PostProcessorRegistrationDelegate.java : 330] Bean 'org.springframework.transaction.annotation.ProxyTransactionManagementConfiguration' of type [org.springframework.transaction.annotation.ProxyTransactionManagementConfiguration] is not eligible for getting processed by all BeanPostProcessors (for example: not eligible for auto-proxying)
2024-11-18 19:15:01,942 INFO [restartedMain] o.s.c.s.PostProcessorRegistrationDelegate$BeanPostProcessorChecker [PostProcessorRegistrationDelegate.java : 330] Bean 'org.apache.shiro.spring.boot.autoconfigure.ShiroBeanAutoConfiguration' of type [org.apache.shiro.spring.boot.autoconfigure.ShiroBeanAutoConfiguration$$EnhancerBySpringCGLIB$$823d5909] is not eligible for getting processed by all BeanPostProcessors (for example: not eligible for auto-proxying)
2024-11-18 19:15:01,955 INFO [restartedMain] o.s.c.s.PostProcessorRegistrationDelegate$BeanPostProcessorChecker [PostProcessorRegistrationDelegate.java : 330] Bean 'eventBus' of type [org.apache.shiro.event.support.DefaultEventBus] is not eligible for getting processed by all BeanPostProcessors (for example: not eligible for auto-proxying)
2024-11-18 19:15:02,431 INFO [restartedMain] o.s.b.w.e.tomcat.TomcatWebServer [TomcatWebServer.java : 92] Tomcat initialized with port(s): 21584 (http)
2024-11-18 19:15:02,439 INFO [restartedMain] o.a.catalina.core.StandardService [DirectJDKLog.java : 173] Starting service [Tomcat]
2024-11-18 19:15:02,440 INFO [restartedMain] o.a.catalina.core.StandardEngine [DirectJDKLog.java : 173] Starting Servlet engine: [Apache Tomcat/9.0.29]
2024-11-18 19:15:02,529 INFO [restartedMain] o.a.c.c.C.[Tomcat].[localhost].[/] [DirectJDKLog.java : 173] Initializing Spring embedded WebApplicationContext
2024-11-18 19:15:02,530 INFO [restartedMain] o.s.web.context.ContextLoader [ServletWebServerApplicationContext.java : 284] Root WebApplicationContext: initialization completed in 3832 ms
2024-11-18 19:15:02,908 INFO [restartedMain] c.b.d.d.DynamicDataSourceCreator [DynamicDataSourceCreator.java : 113] 动态数据源-检测到druid存在,如配置中未指定type,druid会默认配置
2024-11-18 19:15:02,957 INFO [restartedMain] c.alibaba.druid.pool.DruidDataSource [DruidDataSource.java : 930] {dataSource-1,master} inited
2024-11-18 19:15:02,958 INFO [restartedMain] c.b.d.d.DynamicRoutingDataSource [DynamicRoutingDataSource.java : 203] 初始共加载 1 个数据源
2024-11-18 19:15:02,958 INFO [restartedMain] c.b.d.d.DynamicRoutingDataSource [DynamicRoutingDataSource.java : 142] 动态数据源-加载 master 成功
2024-11-18 19:15:02,959 INFO [restartedMain] c.b.d.d.DynamicRoutingDataSource [DynamicRoutingDataSource.java : 212] 当前的默认数据源是单数据源，数据源名为 master
2024-11-18 19:15:04,821 INFO [restartedMain] c.b.w.a.impl.LogRecordPersistence [LogRecordPersistence.java : 41] 方法执行日志缓存数量：1
2024-11-18 19:15:05,400 INFO [restartedMain] c.b.c.config.oss.qiniu.QiniuConfig [QiniuConfig.java : 26] 加载七牛云配置：xxx, xxx, material-support-system, http://mss.oss.bestbigkk.com
2024-11-18 19:15:05,491 INFO [restartedMain] c.b.common.utils.encryption.AESUtils [AESUtils.java : 37] AES工具类密匙：qwertyuiopasdfgh
2024-11-18 19:15:06,136 INFO [restartedMain] o.s.b.a.e.web.EndpointLinksResolver [EndpointLinksResolver.java : 58] Exposing 2 endpoint(s) beneath base path '/actuator'
2024-11-18 19:15:06,358 INFO [restartedMain] s.d.s.w.PropertySourcedRequestMappingHandlerMapping [PropertySourcedRequestMappingHandlerMapping.java : 69] Mapped URL path [/v2/api-docs] onto method [springfox.documentation.swagger2.web.Swagger2Controller#getDocumentation(String, HttpServletRequest)]
2024-11-18 19:15:06,711 INFO [restartedMain] o.s.b.d.a.OptionalLiveReloadServer [OptionalLiveReloadServer.java : 58] LiveReload server is running on port 35729
2024-11-18 19:15:08,712 INFO [restartedMain] s.d.s.w.p.DocumentationPluginsBootstrapper [DocumentationPluginsBootstrapper.java : 160] Context refreshed
2024-11-18 19:15:08,728 INFO [restartedMain] s.d.s.w.p.DocumentationPluginsBootstrapper [DocumentationPluginsBootstrapper.java : 163] Found 1 custom documentation plugin(s)
2024-11-18 19:15:08,798 INFO [restartedMain] s.d.s.w.s.ApiListingReferenceScanner [ApiListingReferenceScanner.java : 41] Scanning for api listing references
2024-11-18 19:15:09,039 INFO [restartedMain] s.d.s.w.r.o.CachingOperationNameGenerator [CachingOperationNameGenerator.java : 40] Generating unique operation named: addUsingPOST_1
2024-11-18 19:15:09,045 INFO [restartedMain] s.d.s.w.r.o.CachingOperationNameGenerator [CachingOperationNameGenerator.java : 40] Generating unique operation named: deleteUsingDELETE_1
2024-11-18 19:15:09,081 INFO [restartedMain] s.d.s.w.r.o.CachingOperationNameGenerator [CachingOperationNameGenerator.java : 40] Generating unique operation named: queryUsingGET_1
2024-11-18 19:15:09,086 INFO [restartedMain] s.d.s.w.r.o.CachingOperationNameGenerator [CachingOperationNameGenerator.java : 40] Generating unique operation named: updateUsingPUT_1
2024-11-18 19:15:09,102 INFO [restartedMain] s.d.s.w.r.o.CachingOperationNameGenerator [CachingOperationNameGenerator.java : 40] Generating unique operation named: addUsingPOST_2
2024-11-18 19:15:09,104 INFO [restartedMain] s.d.s.w.r.o.CachingOperationNameGenerator [CachingOperationNameGenerator.java : 40] Generating unique operation named: deleteUsingDELETE_2
2024-11-18 19:15:09,108 INFO [restartedMain] s.d.s.w.r.o.CachingOperationNameGenerator [CachingOperationNameGenerator.java : 40] Generating unique operation named: queryUsingGET_2
2024-11-18 19:15:09,123 INFO [restartedMain] s.d.s.w.r.o.CachingOperationNameGenerator [CachingOperationNameGenerator.java : 40] Generating unique operation named: querysUsingGET_1
2024-11-18 19:15:09,126 INFO [restartedMain] s.d.s.w.r.o.CachingOperationNameGenerator [CachingOperationNameGenerator.java : 40] Generating unique operation named: updateUsingPUT_2
2024-11-18 19:15:09,148 INFO [restartedMain] s.d.s.w.r.o.CachingOperationNameGenerator [CachingOperationNameGenerator.java : 40] Generating unique operation named: addUsingPOST_3
2024-11-18 19:15:09,151 INFO [restartedMain] s.d.s.w.r.o.CachingOperationNameGenerator [CachingOperationNameGenerator.java : 40] Generating unique operation named: deleteUsingDELETE_3
2024-11-18 19:15:09,154 INFO [restartedMain] s.d.s.w.r.o.CachingOperationNameGenerator [CachingOperationNameGenerator.java : 40] Generating unique operation named: queryUsingGET_3
2024-11-18 19:15:09,166 INFO [restartedMain] s.d.s.w.r.o.CachingOperationNameGenerator [CachingOperationNameGenerator.java : 40] Generating unique operation named: querysUsingGET_2
2024-11-18 19:15:09,171 INFO [restartedMain] s.d.s.w.r.o.CachingOperationNameGenerator [CachingOperationNameGenerator.java : 40] Generating unique operation named: updateUsingPUT_3
2024-11-18 19:15:09,191 INFO [restartedMain] s.d.s.w.r.o.CachingOperationNameGenerator [CachingOperationNameGenerator.java : 40] Generating unique operation named: addUsingPOST_4
2024-11-18 19:15:09,193 INFO [restartedMain] s.d.s.w.r.o.CachingOperationNameGenerator [CachingOperationNameGenerator.java : 40] Generating unique operation named: deleteUsingDELETE_4
2024-11-18 19:15:09,196 INFO [restartedMain] s.d.s.w.r.o.CachingOperationNameGenerator [CachingOperationNameGenerator.java : 40] Generating unique operation named: queryUsingGET_4
2024-11-18 19:15:09,217 INFO [restartedMain] s.d.s.w.r.o.CachingOperationNameGenerator [CachingOperationNameGenerator.java : 40] Generating unique operation named: querysUsingGET_3
2024-11-18 19:15:09,221 INFO [restartedMain] s.d.s.w.r.o.CachingOperationNameGenerator [CachingOperationNameGenerator.java : 40] Generating unique operation named: updateUsingPUT_4
2024-11-18 19:15:09,236 INFO [restartedMain] s.d.s.w.r.o.CachingOperationNameGenerator [CachingOperationNameGenerator.java : 40] Generating unique operation named: addUsingPOST_5
2024-11-18 19:15:09,238 INFO [restartedMain] s.d.s.w.r.o.CachingOperationNameGenerator [CachingOperationNameGenerator.java : 40] Generating unique operation named: deleteUsingDELETE_5
2024-11-18 19:15:09,240 INFO [restartedMain] s.d.s.w.r.o.CachingOperationNameGenerator [CachingOperationNameGenerator.java : 40] Generating unique operation named: queryUsingGET_5
2024-11-18 19:15:09,252 INFO [restartedMain] s.d.s.w.r.o.CachingOperationNameGenerator [CachingOperationNameGenerator.java : 40] Generating unique operation named: querysUsingGET_4
2024-11-18 19:15:09,256 INFO [restartedMain] s.d.s.w.r.o.CachingOperationNameGenerator [CachingOperationNameGenerator.java : 40] Generating unique operation named: updateUsingPUT_5
2024-11-18 19:15:09,349 INFO [restartedMain] o.s.b.w.e.tomcat.TomcatWebServer [TomcatWebServer.java : 204] Tomcat started on port(s): 21584 (http) with context path ''
2024-11-18 19:15:09,354 INFO [restartedMain] com.bestbigkk.BBKApplication [StartupInfoLogger.java : 61] Started BBKApplication in 11.483 seconds (JVM running for 12.792)
2024-11-18 19:15:09,365 INFO [restartedMain] com.bestbigkk.web.config.GlobalInit [GlobalInit.java : 18] 伴随启动行为...
2024-11-18 19:15:09,459 INFO [restartedMain] io.lettuce.core.EpollProvider [EpollProvider.java : 68] Starting without optional epoll library
2024-11-18 19:15:09,460 INFO [restartedMain] io.lettuce.core.KqueueProvider [KqueueProvider.java : 70] Starting without optional kqueue library
2024-11-18 19:15:09,638 INFO [restartedMain] com.bestbigkk.web.config.WithBoot [WithBoot.java : 45] 成功分配机器编号：MaterialSupportSystem_node_2
2024-11-18 19:15:09,901 INFO [RMI TCP Connection(4)-127.0.0.1] o.a.c.c.C.[Tomcat].[localhost].[/] [DirectJDKLog.java : 173] Initializing Spring DispatcherServlet 'dispatcherServlet'
2024-11-18 19:15:09,905 INFO [RMI TCP Connection(4)-127.0.0.1] o.s.web.servlet.DispatcherServlet [FrameworkServlet.java : 525] Initializing Servlet 'dispatcherServlet'
2024-11-18 19:15:09,980 INFO [RMI TCP Connection(4)-127.0.0.1] o.s.web.servlet.DispatcherServlet [FrameworkServlet.java : 547] Completed initialization in 75 ms
2024-11-18 19:21:11,994 INFO [http-nio-21584-exec-1] c.b.w.r.handler.ResponseWrapper [ResponseWrapper.java : 31] returnType: [method 'login' parameter -1]
2024-11-18 19:21:11,998 INFO [http-nio-21584-exec-1] c.b.w.r.handler.ResponseWrapper [ResponseWrapper.java : 32] converterType: [class org.springframework.http.converter.json.MappingJackson2HttpMessageConverter]
2024-11-18 19:22:40,327 INFO [http-nio-21584-exec-3] c.b.w.r.handler.ResponseWrapper [ResponseWrapper.java : 31] returnType: [method 'list' parameter -1]
2024-11-18 19:22:40,329 INFO [http-nio-21584-exec-3] c.b.w.r.handler.ResponseWrapper [ResponseWrapper.java : 32] converterType: [class org.springframework.http.converter.json.MappingJackson2HttpMessageConverter]
2024-11-18 19:22:45,633 INFO [http-nio-21584-exec-4] c.b.w.r.handler.ResponseWrapper [ResponseWrapper.java : 31] returnType: [method 'querys' parameter -1]
2024-11-18 19:22:45,637 INFO [http-nio-21584-exec-4] c.b.w.r.handler.ResponseWrapper [ResponseWrapper.java : 32] converterType: [class org.springframework.http.converter.json.MappingJackson2HttpMessageConverter]
2024-11-18 19:22:50,451 INFO [http-nio-21584-exec-6] c.b.w.r.handler.ResponseWrapper [ResponseWrapper.java : 31] returnType: [method 'querys' parameter -1]
2024-11-18 19:22:50,451 INFO [http-nio-21584-exec-6] c.b.w.r.handler.ResponseWrapper [ResponseWrapper.java : 32] converterType: [class org.springframework.http.converter.json.MappingJackson2HttpMessageConverter]
2024-11-18 19:22:50,490 INFO [http-nio-21584-exec-5] c.b.w.r.handler.ResponseWrapper [ResponseWrapper.java : 31] returnType: [method 'querys' parameter -1]
2024-11-18 19:22:50,491 INFO [http-nio-21584-exec-5] c.b.w.r.handler.ResponseWrapper [ResponseWrapper.java : 32] converterType: [class org.springframework.http.converter.json.MappingJackson2HttpMessageConverter]
2024-11-18 19:22:59,715 INFO [http-nio-21584-exec-7] c.b.w.r.handler.ResponseWrapper [ResponseWrapper.java : 31] returnType: [method 'querys' parameter -1]
2024-11-18 19:22:59,715 INFO [http-nio-21584-exec-7] c.b.w.r.handler.ResponseWrapper [ResponseWrapper.java : 32] converterType: [class org.springframework.http.converter.json.MappingJackson2HttpMessageConverter]
2024-11-18 19:23:02,418 INFO [http-nio-21584-exec-8] c.b.w.r.handler.ResponseWrapper [ResponseWrapper.java : 31] returnType: [method 'querys' parameter -1]
2024-11-18 19:23:02,419 INFO [http-nio-21584-exec-8] c.b.w.r.handler.ResponseWrapper [ResponseWrapper.java : 32] converterType: [class org.springframework.http.converter.json.MappingJackson2HttpMessageConverter]
2024-11-18 19:23:04,062 INFO [http-nio-21584-exec-9] c.b.w.r.handler.ResponseWrapper [ResponseWrapper.java : 31] returnType: [method 'querys' parameter -1]
2024-11-18 19:23:04,064 INFO [http-nio-21584-exec-9] c.b.w.r.handler.ResponseWrapper [ResponseWrapper.java : 32] converterType: [class org.springframework.http.converter.json.MappingJackson2HttpMessageConverter]
2024-11-18 19:23:04,101 INFO [http-nio-21584-exec-10] c.b.w.r.handler.ResponseWrapper [ResponseWrapper.java : 31] returnType: [method 'querys' parameter -1]
2024-11-18 19:23:04,102 INFO [http-nio-21584-exec-10] c.b.w.r.handler.ResponseWrapper [ResponseWrapper.java : 32] converterType: [class org.springframework.http.converter.json.MappingJackson2HttpMessageConverter]
2024-11-18 19:23:04,127 INFO [http-nio-21584-exec-1] c.b.w.r.handler.ResponseWrapper [ResponseWrapper.java : 31] returnType: [method 'querys' parameter -1]
2024-11-18 19:23:04,128 INFO [http-nio-21584-exec-1] c.b.w.r.handler.ResponseWrapper [ResponseWrapper.java : 32] converterType: [class org.springframework.http.converter.json.MappingJackson2HttpMessageConverter]
2024-11-18 19:23:04,156 INFO [http-nio-21584-exec-2] c.b.w.r.handler.ResponseWrapper [ResponseWrapper.java : 31] returnType: [method 'querys' parameter -1]
2024-11-18 19:23:04,156 INFO [http-nio-21584-exec-2] c.b.w.r.handler.ResponseWrapper [ResponseWrapper.java : 32] converterType: [class org.springframework.http.converter.json.MappingJackson2HttpMessageConverter]
2024-11-18 19:23:07,839 INFO [http-nio-21584-exec-4] c.b.w.r.handler.ResponseWrapper [ResponseWrapper.java : 31] returnType: [method 'querys' parameter -1]
2024-11-18 19:23:07,841 INFO [http-nio-21584-exec-4] c.b.w.r.handler.ResponseWrapper [ResponseWrapper.java : 32] converterType: [class org.springframework.http.converter.json.MappingJackson2HttpMessageConverter]
2024-11-18 19:23:07,874 INFO [http-nio-21584-exec-3] c.b.w.r.handler.ResponseWrapper [ResponseWrapper.java : 31] returnType: [method 'querys' parameter -1]
2024-11-18 19:23:07,875 INFO [http-nio-21584-exec-3] c.b.w.r.handler.ResponseWrapper [ResponseWrapper.java : 32] converterType: [class org.springframework.http.converter.json.MappingJackson2HttpMessageConverter]
2024-11-18 19:23:11,862 INFO [http-nio-21584-exec-6] c.b.w.r.handler.ResponseWrapper [ResponseWrapper.java : 31] returnType: [method 'querys' parameter -1]
2024-11-18 19:23:11,865 INFO [http-nio-21584-exec-6] c.b.w.r.handler.ResponseWrapper [ResponseWrapper.java : 32] converterType: [class org.springframework.http.converter.json.MappingJackson2HttpMessageConverter]
2024-11-18 19:42:24,233 INFO [Thread-23] c.b.d.d.DynamicRoutingDataSource [DynamicRoutingDataSource.java : 182] closing dynamicDatasource  ing....
2024-11-18 19:42:24,263 INFO [Thread-23] c.alibaba.druid.pool.DruidDataSource [DruidDataSource.java : 1825] {dataSource-1} closed
2024-11-18 19:42:27,196 INFO [restartedMain] com.bestbigkk.BBKApplication [StartupInfoLogger.java : 55] Starting BBKApplication on ananMacBook-Air.local with PID 28075 (/Users/aq/Documents/CS5760/project/EMRMS/bbk-mss-java/bbk-mss-web/target/classes started by aq in /Users/aq/Documents/CS5760/project/EMRMS/bbk-mss-java)
2024-11-18 19:42:27,201 INFO [restartedMain] com.bestbigkk.BBKApplication [SpringApplication.java : 651] No active profile set, falling back to default profiles: default
2024-11-18 19:42:27,882 INFO [restartedMain] o.s.d.r.c.RepositoryConfigurationDelegate [RepositoryConfigurationDelegate.java : 249] Multiple Spring Data modules found, entering strict repository configuration mode!
2024-11-18 19:42:27,883 INFO [restartedMain] o.s.d.r.c.RepositoryConfigurationDelegate [RepositoryConfigurationDelegate.java : 127] Bootstrapping Spring Data Redis repositories in DEFAULT mode.
2024-11-18 19:42:27,901 INFO [restartedMain] o.s.d.r.c.RepositoryConfigurationDelegate [RepositoryConfigurationDelegate.java : 187] Finished Spring Data repository scanning in 17ms. Found 0 Redis repository interfaces.
2024-11-18 19:42:28,026 INFO [restartedMain] o.s.c.s.PostProcessorRegistrationDelegate$BeanPostProcessorChecker [PostProcessorRegistrationDelegate.java : 330] Bean 'spring.redis-org.springframework.boot.autoconfigure.data.redis.RedisProperties' of type [org.springframework.boot.autoconfigure.data.redis.RedisProperties] is not eligible for getting processed by all BeanPostProcessors (for example: not eligible for auto-proxying)
2024-11-18 19:42:28,029 INFO [restartedMain] o.s.c.s.PostProcessorRegistrationDelegate$BeanPostProcessorChecker [PostProcessorRegistrationDelegate.java : 330] Bean 'org.springframework.boot.autoconfigure.data.redis.LettuceConnectionConfiguration' of type [org.springframework.boot.autoconfigure.data.redis.LettuceConnectionConfiguration] is not eligible for getting processed by all BeanPostProcessors (for example: not eligible for auto-proxying)
2024-11-18 19:42:28,033 INFO [restartedMain] o.s.c.s.PostProcessorRegistrationDelegate$BeanPostProcessorChecker [PostProcessorRegistrationDelegate.java : 330] Bean 'lettuceClientResources' of type [io.lettuce.core.resource.DefaultClientResources] is not eligible for getting processed by all BeanPostProcessors (for example: not eligible for auto-proxying)
2024-11-18 19:42:28,035 INFO [restartedMain] o.s.c.s.PostProcessorRegistrationDelegate$BeanPostProcessorChecker [PostProcessorRegistrationDelegate.java : 330] Bean 'redisConnectionFactory' of type [org.springframework.data.redis.connection.lettuce.LettuceConnectionFactory] is not eligible for getting processed by all BeanPostProcessors (for example: not eligible for auto-proxying)
2024-11-18 19:42:28,037 INFO [restartedMain] o.s.c.s.PostProcessorRegistrationDelegate$BeanPostProcessorChecker [PostProcessorRegistrationDelegate.java : 330] Bean 'redisConfig' of type [com.bestbigkk.web.config.RedisConfig$$EnhancerBySpringCGLIB$$3e0bdca8] is not eligible for getting processed by all BeanPostProcessors (for example: not eligible for auto-proxying)
2024-11-18 19:42:28,040 INFO [restartedMain] o.s.c.s.PostProcessorRegistrationDelegate$BeanPostProcessorChecker [PostProcessorRegistrationDelegate.java : 330] Bean 'jwtUtils' of type [com.bestbigkk.common.utils.JwtUtils] is not eligible for getting processed by all BeanPostProcessors (for example: not eligible for auto-proxying)
2024-11-18 19:42:28,040 INFO [restartedMain] o.s.c.s.PostProcessorRegistrationDelegate$BeanPostProcessorChecker [PostProcessorRegistrationDelegate.java : 330] Bean 'myJwtRealm' of type [com.bestbigkk.web.config.shiro.authc.MyJwtRealm] is not eligible for getting processed by all BeanPostProcessors (for example: not eligible for auto-proxying)
2024-11-18 19:42:28,041 INFO [restartedMain] o.s.c.s.PostProcessorRegistrationDelegate$BeanPostProcessorChecker [PostProcessorRegistrationDelegate.java : 330] Bean 'shiroConfig' of type [com.bestbigkk.web.config.shiro.ShiroConfig$$EnhancerBySpringCGLIB$$41f3e481] is not eligible for getting processed by all BeanPostProcessors (for example: not eligible for auto-proxying)
2024-11-18 19:42:28,056 INFO [restartedMain] c.b.web.config.shiro.ShiroConfig [ShiroConfig.java : 121] 成功注入自定义Realm: com.bestbigkk.web.config.shiro.authc.MyJwtRealm
2024-11-18 19:42:28,057 INFO [restartedMain] c.b.web.config.shiro.ShiroConfig [ShiroConfig.java : 166] 创建Shiro缓存管理器RedisCacheManager, 缓存时间:3600
2024-11-18 19:42:28,060 INFO [restartedMain] com.bestbigkk.web.config.RedisConfig [RedisConfig.java : 81] 创建RedisManager,连接Redis..URL= localhost:6379
2024-11-18 19:42:28,062 INFO [restartedMain] o.s.c.s.PostProcessorRegistrationDelegate$BeanPostProcessorChecker [PostProcessorRegistrationDelegate.java : 330] Bean 'redisManager' of type [org.crazycake.shiro.RedisManager] is not eligible for getting processed by all BeanPostProcessors (for example: not eligible for auto-proxying)
2024-11-18 19:42:28,064 INFO [restartedMain] o.s.c.s.PostProcessorRegistrationDelegate$BeanPostProcessorChecker [PostProcessorRegistrationDelegate.java : 330] Bean 'securityManager' of type [org.apache.shiro.web.mgt.DefaultWebSecurityManager] is not eligible for getting processed by all BeanPostProcessors (for example: not eligible for auto-proxying)
2024-11-18 19:42:28,075 INFO [restartedMain] c.b.web.config.shiro.ShiroConfig [ShiroConfig.java : 106] 配置Shiro拦截链完成...
2024-11-18 19:42:28,089 INFO [restartedMain] o.s.c.s.PostProcessorRegistrationDelegate$BeanPostProcessorChecker [PostProcessorRegistrationDelegate.java : 330] Bean 'authorizationAttributeSourceAdvisor' of type [org.apache.shiro.spring.security.interceptor.AuthorizationAttributeSourceAdvisor] is not eligible for getting processed by all BeanPostProcessors (for example: not eligible for auto-proxying)
2024-11-18 19:42:28,113 INFO [restartedMain] o.s.c.s.PostProcessorRegistrationDelegate$BeanPostProcessorChecker [PostProcessorRegistrationDelegate.java : 330] Bean 'spring.datasource.dynamic-com.baomidou.dynamic.datasource.spring.boot.autoconfigure.DynamicDataSourceProperties' of type [com.baomidou.dynamic.datasource.spring.boot.autoconfigure.DynamicDataSourceProperties] is not eligible for getting processed by all BeanPostProcessors (for example: not eligible for auto-proxying)
2024-11-18 19:42:28,142 INFO [restartedMain] o.s.c.s.PostProcessorRegistrationDelegate$BeanPostProcessorChecker [PostProcessorRegistrationDelegate.java : 330] Bean 'com.baomidou.dynamic.datasource.spring.boot.autoconfigure.DynamicDataSourceAutoConfiguration' of type [com.baomidou.dynamic.datasource.spring.boot.autoconfigure.DynamicDataSourceAutoConfiguration$$EnhancerBySpringCGLIB$$d8b2ec2a] is not eligible for getting processed by all BeanPostProcessors (for example: not eligible for auto-proxying)
2024-11-18 19:42:28,150 INFO [restartedMain] o.s.c.s.PostProcessorRegistrationDelegate$BeanPostProcessorChecker [PostProcessorRegistrationDelegate.java : 330] Bean 'dsProcessor' of type [com.baomidou.dynamic.datasource.processor.DsHeaderProcessor] is not eligible for getting processed by all BeanPostProcessors (for example: not eligible for auto-proxying)
2024-11-18 19:42:28,153 INFO [restartedMain] o.s.c.s.PostProcessorRegistrationDelegate$BeanPostProcessorChecker [PostProcessorRegistrationDelegate.java : 330] Bean 'dynamicDatasourceAnnotationAdvisor' of type [com.baomidou.dynamic.datasource.aop.DynamicDataSourceAnnotationAdvisor] is not eligible for getting processed by all BeanPostProcessors (for example: not eligible for auto-proxying)
2024-11-18 19:42:28,174 INFO [restartedMain] o.s.c.s.PostProcessorRegistrationDelegate$BeanPostProcessorChecker [PostProcessorRegistrationDelegate.java : 330] Bean 'org.springframework.transaction.annotation.ProxyTransactionManagementConfiguration' of type [org.springframework.transaction.annotation.ProxyTransactionManagementConfiguration] is not eligible for getting processed by all BeanPostProcessors (for example: not eligible for auto-proxying)
2024-11-18 19:42:28,194 INFO [restartedMain] o.s.c.s.PostProcessorRegistrationDelegate$BeanPostProcessorChecker [PostProcessorRegistrationDelegate.java : 330] Bean 'org.apache.shiro.spring.boot.autoconfigure.ShiroBeanAutoConfiguration' of type [org.apache.shiro.spring.boot.autoconfigure.ShiroBeanAutoConfiguration$$EnhancerBySpringCGLIB$$823d5909] is not eligible for getting processed by all BeanPostProcessors (for example: not eligible for auto-proxying)
2024-11-18 19:42:28,197 INFO [restartedMain] o.s.c.s.PostProcessorRegistrationDelegate$BeanPostProcessorChecker [PostProcessorRegistrationDelegate.java : 330] Bean 'eventBus' of type [org.apache.shiro.event.support.DefaultEventBus] is not eligible for getting processed by all BeanPostProcessors (for example: not eligible for auto-proxying)
2024-11-18 19:42:28,418 INFO [restartedMain] o.s.b.w.e.tomcat.TomcatWebServer [TomcatWebServer.java : 92] Tomcat initialized with port(s): 21584 (http)
2024-11-18 19:42:28,427 INFO [restartedMain] o.a.catalina.core.StandardService [DirectJDKLog.java : 173] Starting service [Tomcat]
2024-11-18 19:42:28,429 INFO [restartedMain] o.a.catalina.core.StandardEngine [DirectJDKLog.java : 173] Starting Servlet engine: [Apache Tomcat/9.0.29]
2024-11-18 19:42:28,461 INFO [restartedMain] o.a.c.c.C.[Tomcat].[localhost].[/] [DirectJDKLog.java : 173] Initializing Spring embedded WebApplicationContext
2024-11-18 19:42:28,462 INFO [restartedMain] o.s.web.context.ContextLoader [ServletWebServerApplicationContext.java : 284] Root WebApplicationContext: initialization completed in 1236 ms
2024-11-18 19:42:28,822 INFO [restartedMain] c.b.d.d.DynamicDataSourceCreator [DynamicDataSourceCreator.java : 113] 动态数据源-检测到druid存在,如配置中未指定type,druid会默认配置
2024-11-18 19:42:28,840 INFO [restartedMain] c.alibaba.druid.pool.DruidDataSource [DruidDataSource.java : 930] {dataSource-2,master} inited
2024-11-18 19:42:28,841 INFO [restartedMain] c.b.d.d.DynamicRoutingDataSource [DynamicRoutingDataSource.java : 203] 初始共加载 1 个数据源
2024-11-18 19:42:28,841 INFO [restartedMain] c.b.d.d.DynamicRoutingDataSource [DynamicRoutingDataSource.java : 142] 动态数据源-加载 master 成功
2024-11-18 19:42:28,841 INFO [restartedMain] c.b.d.d.DynamicRoutingDataSource [DynamicRoutingDataSource.java : 212] 当前的默认数据源是单数据源，数据源名为 master
2024-11-18 19:42:29,633 INFO [restartedMain] c.b.w.a.impl.LogRecordPersistence [LogRecordPersistence.java : 41] 方法执行日志缓存数量：1
2024-11-18 19:42:30,129 INFO [restartedMain] c.b.c.config.oss.qiniu.QiniuConfig [QiniuConfig.java : 26] 加载七牛云配置：xxx, xxx, material-support-system, http://mss.oss.bestbigkk.com
2024-11-18 19:42:30,217 INFO [restartedMain] c.b.common.utils.encryption.AESUtils [AESUtils.java : 37] AES工具类密匙：qwertyuiopasdfgh
2024-11-18 19:42:30,648 INFO [restartedMain] o.s.b.a.e.web.EndpointLinksResolver [EndpointLinksResolver.java : 58] Exposing 2 endpoint(s) beneath base path '/actuator'
2024-11-18 19:42:30,822 INFO [restartedMain] s.d.s.w.PropertySourcedRequestMappingHandlerMapping [PropertySourcedRequestMappingHandlerMapping.java : 69] Mapped URL path [/v2/api-docs] onto method [springfox.documentation.swagger2.web.Swagger2Controller#getDocumentation(String, HttpServletRequest)]
2024-11-18 19:42:31,004 INFO [restartedMain] o.s.b.d.a.OptionalLiveReloadServer [OptionalLiveReloadServer.java : 58] LiveReload server is running on port 35729
2024-11-18 19:42:32,166 INFO [restartedMain] s.d.s.w.p.DocumentationPluginsBootstrapper [DocumentationPluginsBootstrapper.java : 160] Context refreshed
2024-11-18 19:42:32,171 INFO [restartedMain] s.d.s.w.p.DocumentationPluginsBootstrapper [DocumentationPluginsBootstrapper.java : 163] Found 1 custom documentation plugin(s)
2024-11-18 19:42:32,204 INFO [restartedMain] s.d.s.w.s.ApiListingReferenceScanner [ApiListingReferenceScanner.java : 41] Scanning for api listing references
2024-11-18 19:42:32,328 INFO [restartedMain] s.d.s.w.r.o.CachingOperationNameGenerator [CachingOperationNameGenerator.java : 40] Generating unique operation named: addUsingPOST_1
2024-11-18 19:42:32,332 INFO [restartedMain] s.d.s.w.r.o.CachingOperationNameGenerator [CachingOperationNameGenerator.java : 40] Generating unique operation named: deleteUsingDELETE_1
2024-11-18 19:42:32,345 INFO [restartedMain] s.d.s.w.r.o.CachingOperationNameGenerator [CachingOperationNameGenerator.java : 40] Generating unique operation named: queryUsingGET_1
2024-11-18 19:42:32,347 INFO [restartedMain] s.d.s.w.r.o.CachingOperationNameGenerator [CachingOperationNameGenerator.java : 40] Generating unique operation named: updateUsingPUT_1
2024-11-18 19:42:32,361 INFO [restartedMain] s.d.s.w.r.o.CachingOperationNameGenerator [CachingOperationNameGenerator.java : 40] Generating unique operation named: addUsingPOST_2
2024-11-18 19:42:32,362 INFO [restartedMain] s.d.s.w.r.o.CachingOperationNameGenerator [CachingOperationNameGenerator.java : 40] Generating unique operation named: deleteUsingDELETE_2
2024-11-18 19:42:32,365 INFO [restartedMain] s.d.s.w.r.o.CachingOperationNameGenerator [CachingOperationNameGenerator.java : 40] Generating unique operation named: queryUsingGET_2
2024-11-18 19:42:32,372 INFO [restartedMain] s.d.s.w.r.o.CachingOperationNameGenerator [CachingOperationNameGenerator.java : 40] Generating unique operation named: querysUsingGET_1
2024-11-18 19:42:32,374 INFO [restartedMain] s.d.s.w.r.o.CachingOperationNameGenerator [CachingOperationNameGenerator.java : 40] Generating unique operation named: updateUsingPUT_2
2024-11-18 19:42:32,384 INFO [restartedMain] s.d.s.w.r.o.CachingOperationNameGenerator [CachingOperationNameGenerator.java : 40] Generating unique operation named: addUsingPOST_3
2024-11-18 19:42:32,386 INFO [restartedMain] s.d.s.w.r.o.CachingOperationNameGenerator [CachingOperationNameGenerator.java : 40] Generating unique operation named: deleteUsingDELETE_3
2024-11-18 19:42:32,389 INFO [restartedMain] s.d.s.w.r.o.CachingOperationNameGenerator [CachingOperationNameGenerator.java : 40] Generating unique operation named: queryUsingGET_3
2024-11-18 19:42:32,396 INFO [restartedMain] s.d.s.w.r.o.CachingOperationNameGenerator [CachingOperationNameGenerator.java : 40] Generating unique operation named: querysUsingGET_2
2024-11-18 19:42:32,402 INFO [restartedMain] s.d.s.w.r.o.CachingOperationNameGenerator [CachingOperationNameGenerator.java : 40] Generating unique operation named: updateUsingPUT_3
2024-11-18 19:42:32,410 INFO [restartedMain] s.d.s.w.r.o.CachingOperationNameGenerator [CachingOperationNameGenerator.java : 40] Generating unique operation named: addUsingPOST_4
2024-11-18 19:42:32,412 INFO [restartedMain] s.d.s.w.r.o.CachingOperationNameGenerator [CachingOperationNameGenerator.java : 40] Generating unique operation named: deleteUsingDELETE_4
2024-11-18 19:42:32,421 INFO [restartedMain] s.d.s.w.r.o.CachingOperationNameGenerator [CachingOperationNameGenerator.java : 40] Generating unique operation named: queryUsingGET_4
2024-11-18 19:42:32,426 INFO [restartedMain] s.d.s.w.r.o.CachingOperationNameGenerator [CachingOperationNameGenerator.java : 40] Generating unique operation named: querysUsingGET_3
2024-11-18 19:42:32,428 INFO [restartedMain] s.d.s.w.r.o.CachingOperationNameGenerator [CachingOperationNameGenerator.java : 40] Generating unique operation named: updateUsingPUT_4
2024-11-18 19:42:32,441 INFO [restartedMain] s.d.s.w.r.o.CachingOperationNameGenerator [CachingOperationNameGenerator.java : 40] Generating unique operation named: addUsingPOST_5
2024-11-18 19:42:32,443 INFO [restartedMain] s.d.s.w.r.o.CachingOperationNameGenerator [CachingOperationNameGenerator.java : 40] Generating unique operation named: deleteUsingDELETE_5
2024-11-18 19:42:32,444 INFO [restartedMain] s.d.s.w.r.o.CachingOperationNameGenerator [CachingOperationNameGenerator.java : 40] Generating unique operation named: queryUsingGET_5
2024-11-18 19:42:32,453 INFO [restartedMain] s.d.s.w.r.o.CachingOperationNameGenerator [CachingOperationNameGenerator.java : 40] Generating unique operation named: querysUsingGET_4
2024-11-18 19:42:32,455 INFO [restartedMain] s.d.s.w.r.o.CachingOperationNameGenerator [CachingOperationNameGenerator.java : 40] Generating unique operation named: updateUsingPUT_5
2024-11-18 19:42:32,488 INFO [restartedMain] o.s.b.w.e.tomcat.TomcatWebServer [TomcatWebServer.java : 204] Tomcat started on port(s): 21584 (http) with context path ''
2024-11-18 19:42:32,492 INFO [restartedMain] com.bestbigkk.BBKApplication [StartupInfoLogger.java : 61] Started BBKApplication in 5.515 seconds (JVM running for 1645.161)
2024-11-18 19:42:32,494 INFO [restartedMain] com.bestbigkk.web.config.GlobalInit [GlobalInit.java : 18] 伴随启动行为...
2024-11-18 19:42:32,515 INFO [restartedMain] com.bestbigkk.web.config.WithBoot [WithBoot.java : 45] 成功分配机器编号：MaterialSupportSystem_node_3
2024-11-18 19:42:32,525 INFO [restartedMain] o.s.b.d.a.ConditionEvaluationDeltaLoggingListener [ConditionEvaluationDeltaLoggingListener.java : 63] Condition evaluation unchanged
2024-11-18 19:42:38,614 INFO [Thread-48] c.b.d.d.DynamicRoutingDataSource [DynamicRoutingDataSource.java : 182] closing dynamicDatasource  ing....
2024-11-18 19:42:38,632 INFO [Thread-48] c.alibaba.druid.pool.DruidDataSource [DruidDataSource.java : 1825] {dataSource-2} closed
2024-11-18 19:42:41,552 INFO [restartedMain] com.bestbigkk.BBKApplication [StartupInfoLogger.java : 55] Starting BBKApplication on ananMacBook-Air.local with PID 28075 (/Users/aq/Documents/CS5760/project/EMRMS/bbk-mss-java/bbk-mss-web/target/classes started by aq in /Users/aq/Documents/CS5760/project/EMRMS/bbk-mss-java)
2024-11-18 19:42:41,559 INFO [restartedMain] com.bestbigkk.BBKApplication [SpringApplication.java : 651] No active profile set, falling back to default profiles: default
2024-11-18 19:42:42,151 INFO [restartedMain] o.s.d.r.c.RepositoryConfigurationDelegate [RepositoryConfigurationDelegate.java : 249] Multiple Spring Data modules found, entering strict repository configuration mode!
2024-11-18 19:42:42,154 INFO [restartedMain] o.s.d.r.c.RepositoryConfigurationDelegate [RepositoryConfigurationDelegate.java : 127] Bootstrapping Spring Data Redis repositories in DEFAULT mode.
2024-11-18 19:42:42,174 INFO [restartedMain] o.s.d.r.c.RepositoryConfigurationDelegate [RepositoryConfigurationDelegate.java : 187] Finished Spring Data repository scanning in 19ms. Found 0 Redis repository interfaces.
2024-11-18 19:42:42,293 INFO [restartedMain] o.s.c.s.PostProcessorRegistrationDelegate$BeanPostProcessorChecker [PostProcessorRegistrationDelegate.java : 330] Bean 'spring.redis-org.springframework.boot.autoconfigure.data.redis.RedisProperties' of type [org.springframework.boot.autoconfigure.data.redis.RedisProperties] is not eligible for getting processed by all BeanPostProcessors (for example: not eligible for auto-proxying)
2024-11-18 19:42:42,296 INFO [restartedMain] o.s.c.s.PostProcessorRegistrationDelegate$BeanPostProcessorChecker [PostProcessorRegistrationDelegate.java : 330] Bean 'org.springframework.boot.autoconfigure.data.redis.LettuceConnectionConfiguration' of type [org.springframework.boot.autoconfigure.data.redis.LettuceConnectionConfiguration] is not eligible for getting processed by all BeanPostProcessors (for example: not eligible for auto-proxying)
2024-11-18 19:42:42,300 INFO [restartedMain] o.s.c.s.PostProcessorRegistrationDelegate$BeanPostProcessorChecker [PostProcessorRegistrationDelegate.java : 330] Bean 'lettuceClientResources' of type [io.lettuce.core.resource.DefaultClientResources] is not eligible for getting processed by all BeanPostProcessors (for example: not eligible for auto-proxying)
2024-11-18 19:42:42,303 INFO [restartedMain] o.s.c.s.PostProcessorRegistrationDelegate$BeanPostProcessorChecker [PostProcessorRegistrationDelegate.java : 330] Bean 'redisConnectionFactory' of type [org.springframework.data.redis.connection.lettuce.LettuceConnectionFactory] is not eligible for getting processed by all BeanPostProcessors (for example: not eligible for auto-proxying)
2024-11-18 19:42:42,305 INFO [restartedMain] o.s.c.s.PostProcessorRegistrationDelegate$BeanPostProcessorChecker [PostProcessorRegistrationDelegate.java : 330] Bean 'redisConfig' of type [com.bestbigkk.web.config.RedisConfig$$EnhancerBySpringCGLIB$$3e0bdca8] is not eligible for getting processed by all BeanPostProcessors (for example: not eligible for auto-proxying)
2024-11-18 19:42:42,308 INFO [restartedMain] o.s.c.s.PostProcessorRegistrationDelegate$BeanPostProcessorChecker [PostProcessorRegistrationDelegate.java : 330] Bean 'jwtUtils' of type [com.bestbigkk.common.utils.JwtUtils] is not eligible for getting processed by all BeanPostProcessors (for example: not eligible for auto-proxying)
2024-11-18 19:42:42,308 INFO [restartedMain] o.s.c.s.PostProcessorRegistrationDelegate$BeanPostProcessorChecker [PostProcessorRegistrationDelegate.java : 330] Bean 'myJwtRealm' of type [com.bestbigkk.web.config.shiro.authc.MyJwtRealm] is not eligible for getting processed by all BeanPostProcessors (for example: not eligible for auto-proxying)
2024-11-18 19:42:42,309 INFO [restartedMain] o.s.c.s.PostProcessorRegistrationDelegate$BeanPostProcessorChecker [PostProcessorRegistrationDelegate.java : 330] Bean 'shiroConfig' of type [com.bestbigkk.web.config.shiro.ShiroConfig$$EnhancerBySpringCGLIB$$41f3e481] is not eligible for getting processed by all BeanPostProcessors (for example: not eligible for auto-proxying)
2024-11-18 19:42:42,317 INFO [restartedMain] c.b.web.config.shiro.ShiroConfig [ShiroConfig.java : 121] 成功注入自定义Realm: com.bestbigkk.web.config.shiro.authc.MyJwtRealm
2024-11-18 19:42:42,318 INFO [restartedMain] c.b.web.config.shiro.ShiroConfig [ShiroConfig.java : 166] 创建Shiro缓存管理器RedisCacheManager, 缓存时间:3600
2024-11-18 19:42:42,319 INFO [restartedMain] com.bestbigkk.web.config.RedisConfig [RedisConfig.java : 81] 创建RedisManager,连接Redis..URL= localhost:6379
2024-11-18 19:42:42,320 INFO [restartedMain] o.s.c.s.PostProcessorRegistrationDelegate$BeanPostProcessorChecker [PostProcessorRegistrationDelegate.java : 330] Bean 'redisManager' of type [org.crazycake.shiro.RedisManager] is not eligible for getting processed by all BeanPostProcessors (for example: not eligible for auto-proxying)
2024-11-18 19:42:42,320 INFO [restartedMain] o.s.c.s.PostProcessorRegistrationDelegate$BeanPostProcessorChecker [PostProcessorRegistrationDelegate.java : 330] Bean 'securityManager' of type [org.apache.shiro.web.mgt.DefaultWebSecurityManager] is not eligible for getting processed by all BeanPostProcessors (for example: not eligible for auto-proxying)
2024-11-18 19:42:42,331 INFO [restartedMain] c.b.web.config.shiro.ShiroConfig [ShiroConfig.java : 106] 配置Shiro拦截链完成...
2024-11-18 19:42:42,343 INFO [restartedMain] o.s.c.s.PostProcessorRegistrationDelegate$BeanPostProcessorChecker [PostProcessorRegistrationDelegate.java : 330] Bean 'authorizationAttributeSourceAdvisor' of type [org.apache.shiro.spring.security.interceptor.AuthorizationAttributeSourceAdvisor] is not eligible for getting processed by all BeanPostProcessors (for example: not eligible for auto-proxying)
2024-11-18 19:42:42,356 INFO [restartedMain] o.s.c.s.PostProcessorRegistrationDelegate$BeanPostProcessorChecker [PostProcessorRegistrationDelegate.java : 330] Bean 'spring.datasource.dynamic-com.baomidou.dynamic.datasource.spring.boot.autoconfigure.DynamicDataSourceProperties' of type [com.baomidou.dynamic.datasource.spring.boot.autoconfigure.DynamicDataSourceProperties] is not eligible for getting processed by all BeanPostProcessors (for example: not eligible for auto-proxying)
2024-11-18 19:42:42,379 INFO [restartedMain] o.s.c.s.PostProcessorRegistrationDelegate$BeanPostProcessorChecker [PostProcessorRegistrationDelegate.java : 330] Bean 'com.baomidou.dynamic.datasource.spring.boot.autoconfigure.DynamicDataSourceAutoConfiguration' of type [com.baomidou.dynamic.datasource.spring.boot.autoconfigure.DynamicDataSourceAutoConfiguration$$EnhancerBySpringCGLIB$$d8b2ec2a] is not eligible for getting processed by all BeanPostProcessors (for example: not eligible for auto-proxying)
2024-11-18 19:42:42,386 INFO [restartedMain] o.s.c.s.PostProcessorRegistrationDelegate$BeanPostProcessorChecker [PostProcessorRegistrationDelegate.java : 330] Bean 'dsProcessor' of type [com.baomidou.dynamic.datasource.processor.DsHeaderProcessor] is not eligible for getting processed by all BeanPostProcessors (for example: not eligible for auto-proxying)
2024-11-18 19:42:42,390 INFO [restartedMain] o.s.c.s.PostProcessorRegistrationDelegate$BeanPostProcessorChecker [PostProcessorRegistrationDelegate.java : 330] Bean 'dynamicDatasourceAnnotationAdvisor' of type [com.baomidou.dynamic.datasource.aop.DynamicDataSourceAnnotationAdvisor] is not eligible for getting processed by all BeanPostProcessors (for example: not eligible for auto-proxying)
2024-11-18 19:42:42,413 INFO [restartedMain] o.s.c.s.PostProcessorRegistrationDelegate$BeanPostProcessorChecker [PostProcessorRegistrationDelegate.java : 330] Bean 'org.springframework.transaction.annotation.ProxyTransactionManagementConfiguration' of type [org.springframework.transaction.annotation.ProxyTransactionManagementConfiguration] is not eligible for getting processed by all BeanPostProcessors (for example: not eligible for auto-proxying)
2024-11-18 19:42:42,434 INFO [restartedMain] o.s.c.s.PostProcessorRegistrationDelegate$BeanPostProcessorChecker [PostProcessorRegistrationDelegate.java : 330] Bean 'org.apache.shiro.spring.boot.autoconfigure.ShiroBeanAutoConfiguration' of type [org.apache.shiro.spring.boot.autoconfigure.ShiroBeanAutoConfiguration$$EnhancerBySpringCGLIB$$823d5909] is not eligible for getting processed by all BeanPostProcessors (for example: not eligible for auto-proxying)
2024-11-18 19:42:42,437 INFO [restartedMain] o.s.c.s.PostProcessorRegistrationDelegate$BeanPostProcessorChecker [PostProcessorRegistrationDelegate.java : 330] Bean 'eventBus' of type [org.apache.shiro.event.support.DefaultEventBus] is not eligible for getting processed by all BeanPostProcessors (for example: not eligible for auto-proxying)
2024-11-18 19:42:42,643 INFO [restartedMain] o.s.b.w.e.tomcat.TomcatWebServer [TomcatWebServer.java : 92] Tomcat initialized with port(s): 21584 (http)
2024-11-18 19:42:42,649 INFO [restartedMain] o.a.catalina.core.StandardService [DirectJDKLog.java : 173] Starting service [Tomcat]
2024-11-18 19:42:42,649 INFO [restartedMain] o.a.catalina.core.StandardEngine [DirectJDKLog.java : 173] Starting Servlet engine: [Apache Tomcat/9.0.29]
2024-11-18 19:42:42,668 INFO [restartedMain] o.a.c.c.C.[Tomcat].[localhost].[/] [DirectJDKLog.java : 173] Initializing Spring embedded WebApplicationContext
2024-11-18 19:42:42,669 INFO [restartedMain] o.s.web.context.ContextLoader [ServletWebServerApplicationContext.java : 284] Root WebApplicationContext: initialization completed in 1083 ms
2024-11-18 19:42:42,929 INFO [restartedMain] c.b.d.d.DynamicDataSourceCreator [DynamicDataSourceCreator.java : 113] 动态数据源-检测到druid存在,如配置中未指定type,druid会默认配置
2024-11-18 19:42:42,947 INFO [restartedMain] c.alibaba.druid.pool.DruidDataSource [DruidDataSource.java : 930] {dataSource-3,master} inited
2024-11-18 19:42:42,947 INFO [restartedMain] c.b.d.d.DynamicRoutingDataSource [DynamicRoutingDataSource.java : 203] 初始共加载 1 个数据源
2024-11-18 19:42:42,948 INFO [restartedMain] c.b.d.d.DynamicRoutingDataSource [DynamicRoutingDataSource.java : 142] 动态数据源-加载 master 成功
2024-11-18 19:42:42,948 INFO [restartedMain] c.b.d.d.DynamicRoutingDataSource [DynamicRoutingDataSource.java : 212] 当前的默认数据源是单数据源，数据源名为 master
2024-11-18 19:42:43,473 INFO [restartedMain] c.b.w.a.impl.LogRecordPersistence [LogRecordPersistence.java : 41] 方法执行日志缓存数量：1
2024-11-18 19:42:43,986 INFO [restartedMain] c.b.c.config.oss.qiniu.QiniuConfig [QiniuConfig.java : 26] 加载七牛云配置：xxx, xxx, material-support-system, http://mss.oss.bestbigkk.com
2024-11-18 19:42:44,072 INFO [restartedMain] c.b.common.utils.encryption.AESUtils [AESUtils.java : 37] AES工具类密匙：qwertyuiopasdfgh
2024-11-18 19:42:44,458 INFO [restartedMain] o.s.b.a.e.web.EndpointLinksResolver [EndpointLinksResolver.java : 58] Exposing 2 endpoint(s) beneath base path '/actuator'
2024-11-18 19:42:44,617 INFO [restartedMain] s.d.s.w.PropertySourcedRequestMappingHandlerMapping [PropertySourcedRequestMappingHandlerMapping.java : 69] Mapped URL path [/v2/api-docs] onto method [springfox.documentation.swagger2.web.Swagger2Controller#getDocumentation(String, HttpServletRequest)]
2024-11-18 19:42:44,800 INFO [restartedMain] o.s.b.d.a.OptionalLiveReloadServer [OptionalLiveReloadServer.java : 58] LiveReload server is running on port 35729
2024-11-18 19:42:45,913 INFO [restartedMain] s.d.s.w.p.DocumentationPluginsBootstrapper [DocumentationPluginsBootstrapper.java : 160] Context refreshed
2024-11-18 19:42:45,919 INFO [restartedMain] s.d.s.w.p.DocumentationPluginsBootstrapper [DocumentationPluginsBootstrapper.java : 163] Found 1 custom documentation plugin(s)
2024-11-18 19:42:45,949 INFO [restartedMain] s.d.s.w.s.ApiListingReferenceScanner [ApiListingReferenceScanner.java : 41] Scanning for api listing references
2024-11-18 19:42:46,037 INFO [restartedMain] s.d.s.w.r.o.CachingOperationNameGenerator [CachingOperationNameGenerator.java : 40] Generating unique operation named: addUsingPOST_1
2024-11-18 19:42:46,040 INFO [restartedMain] s.d.s.w.r.o.CachingOperationNameGenerator [CachingOperationNameGenerator.java : 40] Generating unique operation named: deleteUsingDELETE_1
2024-11-18 19:42:46,054 INFO [restartedMain] s.d.s.w.r.o.CachingOperationNameGenerator [CachingOperationNameGenerator.java : 40] Generating unique operation named: queryUsingGET_1
2024-11-18 19:42:46,064 INFO [restartedMain] s.d.s.w.r.o.CachingOperationNameGenerator [CachingOperationNameGenerator.java : 40] Generating unique operation named: updateUsingPUT_1
2024-11-18 19:42:46,074 INFO [restartedMain] s.d.s.w.r.o.CachingOperationNameGenerator [CachingOperationNameGenerator.java : 40] Generating unique operation named: addUsingPOST_2
2024-11-18 19:42:46,075 INFO [restartedMain] s.d.s.w.r.o.CachingOperationNameGenerator [CachingOperationNameGenerator.java : 40] Generating unique operation named: deleteUsingDELETE_2
2024-11-18 19:42:46,076 INFO [restartedMain] s.d.s.w.r.o.CachingOperationNameGenerator [CachingOperationNameGenerator.java : 40] Generating unique operation named: queryUsingGET_2
2024-11-18 19:42:46,084 INFO [restartedMain] s.d.s.w.r.o.CachingOperationNameGenerator [CachingOperationNameGenerator.java : 40] Generating unique operation named: querysUsingGET_1
2024-11-18 19:42:46,086 INFO [restartedMain] s.d.s.w.r.o.CachingOperationNameGenerator [CachingOperationNameGenerator.java : 40] Generating unique operation named: updateUsingPUT_2
2024-11-18 19:42:46,098 INFO [restartedMain] s.d.s.w.r.o.CachingOperationNameGenerator [CachingOperationNameGenerator.java : 40] Generating unique operation named: addUsingPOST_3
2024-11-18 19:42:46,099 INFO [restartedMain] s.d.s.w.r.o.CachingOperationNameGenerator [CachingOperationNameGenerator.java : 40] Generating unique operation named: deleteUsingDELETE_3
2024-11-18 19:42:46,101 INFO [restartedMain] s.d.s.w.r.o.CachingOperationNameGenerator [CachingOperationNameGenerator.java : 40] Generating unique operation named: queryUsingGET_3
2024-11-18 19:42:46,109 INFO [restartedMain] s.d.s.w.r.o.CachingOperationNameGenerator [CachingOperationNameGenerator.java : 40] Generating unique operation named: querysUsingGET_2
2024-11-18 19:42:46,110 INFO [restartedMain] s.d.s.w.r.o.CachingOperationNameGenerator [CachingOperationNameGenerator.java : 40] Generating unique operation named: updateUsingPUT_3
2024-11-18 19:42:46,118 INFO [restartedMain] s.d.s.w.r.o.CachingOperationNameGenerator [CachingOperationNameGenerator.java : 40] Generating unique operation named: addUsingPOST_4
2024-11-18 19:42:46,127 INFO [restartedMain] s.d.s.w.r.o.CachingOperationNameGenerator [CachingOperationNameGenerator.java : 40] Generating unique operation named: deleteUsingDELETE_4
2024-11-18 19:42:46,129 INFO [restartedMain] s.d.s.w.r.o.CachingOperationNameGenerator [CachingOperationNameGenerator.java : 40] Generating unique operation named: queryUsingGET_4
2024-11-18 19:42:46,135 INFO [restartedMain] s.d.s.w.r.o.CachingOperationNameGenerator [CachingOperationNameGenerator.java : 40] Generating unique operation named: querysUsingGET_3
2024-11-18 19:42:46,139 INFO [restartedMain] s.d.s.w.r.o.CachingOperationNameGenerator [CachingOperationNameGenerator.java : 40] Generating unique operation named: updateUsingPUT_4
2024-11-18 19:42:46,151 INFO [restartedMain] s.d.s.w.r.o.CachingOperationNameGenerator [CachingOperationNameGenerator.java : 40] Generating unique operation named: addUsingPOST_5
2024-11-18 19:42:46,152 INFO [restartedMain] s.d.s.w.r.o.CachingOperationNameGenerator [CachingOperationNameGenerator.java : 40] Generating unique operation named: deleteUsingDELETE_5
2024-11-18 19:42:46,153 INFO [restartedMain] s.d.s.w.r.o.CachingOperationNameGenerator [CachingOperationNameGenerator.java : 40] Generating unique operation named: queryUsingGET_5
2024-11-18 19:42:46,170 INFO [restartedMain] s.d.s.w.r.o.CachingOperationNameGenerator [CachingOperationNameGenerator.java : 40] Generating unique operation named: querysUsingGET_4
2024-11-18 19:42:46,180 INFO [restartedMain] s.d.s.w.r.o.CachingOperationNameGenerator [CachingOperationNameGenerator.java : 40] Generating unique operation named: updateUsingPUT_5
2024-11-18 19:42:46,203 INFO [restartedMain] o.s.b.w.e.tomcat.TomcatWebServer [TomcatWebServer.java : 204] Tomcat started on port(s): 21584 (http) with context path ''
2024-11-18 19:42:46,204 INFO [restartedMain] com.bestbigkk.BBKApplication [StartupInfoLogger.java : 61] Started BBKApplication in 4.891 seconds (JVM running for 1658.874)
2024-11-18 19:42:46,207 INFO [restartedMain] com.bestbigkk.web.config.GlobalInit [GlobalInit.java : 18] 伴随启动行为...
2024-11-18 19:42:46,229 INFO [restartedMain] com.bestbigkk.web.config.WithBoot [WithBoot.java : 45] 成功分配机器编号：MaterialSupportSystem_node_4
2024-11-18 19:42:46,231 INFO [restartedMain] o.s.b.d.a.ConditionEvaluationDeltaLoggingListener [ConditionEvaluationDeltaLoggingListener.java : 63] Condition evaluation unchanged
2024-11-18 19:43:04,580 INFO [Thread-57] c.b.d.d.DynamicRoutingDataSource [DynamicRoutingDataSource.java : 182] closing dynamicDatasource  ing....
2024-11-18 19:43:04,595 INFO [Thread-57] c.alibaba.druid.pool.DruidDataSource [DruidDataSource.java : 1825] {dataSource-3} closed
2024-11-18 19:43:07,444 INFO [restartedMain] com.bestbigkk.BBKApplication [StartupInfoLogger.java : 55] Starting BBKApplication on ananMacBook-Air.local with PID 28075 (/Users/aq/Documents/CS5760/project/EMRMS/bbk-mss-java/bbk-mss-web/target/classes started by aq in /Users/aq/Documents/CS5760/project/EMRMS/bbk-mss-java)
2024-11-18 19:43:07,449 INFO [restartedMain] com.bestbigkk.BBKApplication [SpringApplication.java : 651] No active profile set, falling back to default profiles: default
2024-11-18 19:43:07,930 INFO [restartedMain] o.s.d.r.c.RepositoryConfigurationDelegate [RepositoryConfigurationDelegate.java : 249] Multiple Spring Data modules found, entering strict repository configuration mode!
2024-11-18 19:43:07,931 INFO [restartedMain] o.s.d.r.c.RepositoryConfigurationDelegate [RepositoryConfigurationDelegate.java : 127] Bootstrapping Spring Data Redis repositories in DEFAULT mode.
2024-11-18 19:43:07,954 INFO [restartedMain] o.s.d.r.c.RepositoryConfigurationDelegate [RepositoryConfigurationDelegate.java : 187] Finished Spring Data repository scanning in 21ms. Found 0 Redis repository interfaces.
2024-11-18 19:43:08,075 INFO [restartedMain] o.s.c.s.PostProcessorRegistrationDelegate$BeanPostProcessorChecker [PostProcessorRegistrationDelegate.java : 330] Bean 'spring.redis-org.springframework.boot.autoconfigure.data.redis.RedisProperties' of type [org.springframework.boot.autoconfigure.data.redis.RedisProperties] is not eligible for getting processed by all BeanPostProcessors (for example: not eligible for auto-proxying)
2024-11-18 19:43:08,077 INFO [restartedMain] o.s.c.s.PostProcessorRegistrationDelegate$BeanPostProcessorChecker [PostProcessorRegistrationDelegate.java : 330] Bean 'org.springframework.boot.autoconfigure.data.redis.LettuceConnectionConfiguration' of type [org.springframework.boot.autoconfigure.data.redis.LettuceConnectionConfiguration] is not eligible for getting processed by all BeanPostProcessors (for example: not eligible for auto-proxying)
2024-11-18 19:43:08,079 INFO [restartedMain] o.s.c.s.PostProcessorRegistrationDelegate$BeanPostProcessorChecker [PostProcessorRegistrationDelegate.java : 330] Bean 'lettuceClientResources' of type [io.lettuce.core.resource.DefaultClientResources] is not eligible for getting processed by all BeanPostProcessors (for example: not eligible for auto-proxying)
2024-11-18 19:43:08,081 INFO [restartedMain] o.s.c.s.PostProcessorRegistrationDelegate$BeanPostProcessorChecker [PostProcessorRegistrationDelegate.java : 330] Bean 'redisConnectionFactory' of type [org.springframework.data.redis.connection.lettuce.LettuceConnectionFactory] is not eligible for getting processed by all BeanPostProcessors (for example: not eligible for auto-proxying)
2024-11-18 19:43:08,083 INFO [restartedMain] o.s.c.s.PostProcessorRegistrationDelegate$BeanPostProcessorChecker [PostProcessorRegistrationDelegate.java : 330] Bean 'redisConfig' of type [com.bestbigkk.web.config.RedisConfig$$EnhancerBySpringCGLIB$$3e0bdca8] is not eligible for getting processed by all BeanPostProcessors (for example: not eligible for auto-proxying)
2024-11-18 19:43:08,086 INFO [restartedMain] o.s.c.s.PostProcessorRegistrationDelegate$BeanPostProcessorChecker [PostProcessorRegistrationDelegate.java : 330] Bean 'jwtUtils' of type [com.bestbigkk.common.utils.JwtUtils] is not eligible for getting processed by all BeanPostProcessors (for example: not eligible for auto-proxying)
2024-11-18 19:43:08,086 INFO [restartedMain] o.s.c.s.PostProcessorRegistrationDelegate$BeanPostProcessorChecker [PostProcessorRegistrationDelegate.java : 330] Bean 'myJwtRealm' of type [com.bestbigkk.web.config.shiro.authc.MyJwtRealm] is not eligible for getting processed by all BeanPostProcessors (for example: not eligible for auto-proxying)
2024-11-18 19:43:08,086 INFO [restartedMain] o.s.c.s.PostProcessorRegistrationDelegate$BeanPostProcessorChecker [PostProcessorRegistrationDelegate.java : 330] Bean 'shiroConfig' of type [com.bestbigkk.web.config.shiro.ShiroConfig$$EnhancerBySpringCGLIB$$41f3e481] is not eligible for getting processed by all BeanPostProcessors (for example: not eligible for auto-proxying)
2024-11-18 19:43:08,096 INFO [restartedMain] c.b.web.config.shiro.ShiroConfig [ShiroConfig.java : 121] 成功注入自定义Realm: com.bestbigkk.web.config.shiro.authc.MyJwtRealm
2024-11-18 19:43:08,096 INFO [restartedMain] c.b.web.config.shiro.ShiroConfig [ShiroConfig.java : 166] 创建Shiro缓存管理器RedisCacheManager, 缓存时间:3600
2024-11-18 19:43:08,098 INFO [restartedMain] com.bestbigkk.web.config.RedisConfig [RedisConfig.java : 81] 创建RedisManager,连接Redis..URL= localhost:6379
2024-11-18 19:43:08,098 INFO [restartedMain] o.s.c.s.PostProcessorRegistrationDelegate$BeanPostProcessorChecker [PostProcessorRegistrationDelegate.java : 330] Bean 'redisManager' of type [org.crazycake.shiro.RedisManager] is not eligible for getting processed by all BeanPostProcessors (for example: not eligible for auto-proxying)
2024-11-18 19:43:08,099 INFO [restartedMain] o.s.c.s.PostProcessorRegistrationDelegate$BeanPostProcessorChecker [PostProcessorRegistrationDelegate.java : 330] Bean 'securityManager' of type [org.apache.shiro.web.mgt.DefaultWebSecurityManager] is not eligible for getting processed by all BeanPostProcessors (for example: not eligible for auto-proxying)
2024-11-18 19:43:08,108 INFO [restartedMain] c.b.web.config.shiro.ShiroConfig [ShiroConfig.java : 106] 配置Shiro拦截链完成...
2024-11-18 19:43:08,118 INFO [restartedMain] o.s.c.s.PostProcessorRegistrationDelegate$BeanPostProcessorChecker [PostProcessorRegistrationDelegate.java : 330] Bean 'authorizationAttributeSourceAdvisor' of type [org.apache.shiro.spring.security.interceptor.AuthorizationAttributeSourceAdvisor] is not eligible for getting processed by all BeanPostProcessors (for example: not eligible for auto-proxying)
2024-11-18 19:43:08,134 INFO [restartedMain] o.s.c.s.PostProcessorRegistrationDelegate$BeanPostProcessorChecker [PostProcessorRegistrationDelegate.java : 330] Bean 'spring.datasource.dynamic-com.baomidou.dynamic.datasource.spring.boot.autoconfigure.DynamicDataSourceProperties' of type [com.baomidou.dynamic.datasource.spring.boot.autoconfigure.DynamicDataSourceProperties] is not eligible for getting processed by all BeanPostProcessors (for example: not eligible for auto-proxying)
2024-11-18 19:43:08,156 INFO [restartedMain] o.s.c.s.PostProcessorRegistrationDelegate$BeanPostProcessorChecker [PostProcessorRegistrationDelegate.java : 330] Bean 'com.baomidou.dynamic.datasource.spring.boot.autoconfigure.DynamicDataSourceAutoConfiguration' of type [com.baomidou.dynamic.datasource.spring.boot.autoconfigure.DynamicDataSourceAutoConfiguration$$EnhancerBySpringCGLIB$$d8b2ec2a] is not eligible for getting processed by all BeanPostProcessors (for example: not eligible for auto-proxying)
2024-11-18 19:43:08,164 INFO [restartedMain] o.s.c.s.PostProcessorRegistrationDelegate$BeanPostProcessorChecker [PostProcessorRegistrationDelegate.java : 330] Bean 'dsProcessor' of type [com.baomidou.dynamic.datasource.processor.DsHeaderProcessor] is not eligible for getting processed by all BeanPostProcessors (for example: not eligible for auto-proxying)
2024-11-18 19:43:08,167 INFO [restartedMain] o.s.c.s.PostProcessorRegistrationDelegate$BeanPostProcessorChecker [PostProcessorRegistrationDelegate.java : 330] Bean 'dynamicDatasourceAnnotationAdvisor' of type [com.baomidou.dynamic.datasource.aop.DynamicDataSourceAnnotationAdvisor] is not eligible for getting processed by all BeanPostProcessors (for example: not eligible for auto-proxying)
2024-11-18 19:43:08,201 INFO [restartedMain] o.s.c.s.PostProcessorRegistrationDelegate$BeanPostProcessorChecker [PostProcessorRegistrationDelegate.java : 330] Bean 'org.springframework.transaction.annotation.ProxyTransactionManagementConfiguration' of type [org.springframework.transaction.annotation.ProxyTransactionManagementConfiguration] is not eligible for getting processed by all BeanPostProcessors (for example: not eligible for auto-proxying)
2024-11-18 19:43:08,224 INFO [restartedMain] o.s.c.s.PostProcessorRegistrationDelegate$BeanPostProcessorChecker [PostProcessorRegistrationDelegate.java : 330] Bean 'org.apache.shiro.spring.boot.autoconfigure.ShiroBeanAutoConfiguration' of type [org.apache.shiro.spring.boot.autoconfigure.ShiroBeanAutoConfiguration$$EnhancerBySpringCGLIB$$823d5909] is not eligible for getting processed by all BeanPostProcessors (for example: not eligible for auto-proxying)
2024-11-18 19:43:08,227 INFO [restartedMain] o.s.c.s.PostProcessorRegistrationDelegate$BeanPostProcessorChecker [PostProcessorRegistrationDelegate.java : 330] Bean 'eventBus' of type [org.apache.shiro.event.support.DefaultEventBus] is not eligible for getting processed by all BeanPostProcessors (for example: not eligible for auto-proxying)
2024-11-18 19:43:08,382 INFO [restartedMain] o.s.b.w.e.tomcat.TomcatWebServer [TomcatWebServer.java : 92] Tomcat initialized with port(s): 21584 (http)
2024-11-18 19:43:08,385 INFO [restartedMain] o.a.catalina.core.StandardService [DirectJDKLog.java : 173] Starting service [Tomcat]
2024-11-18 19:43:08,385 INFO [restartedMain] o.a.catalina.core.StandardEngine [DirectJDKLog.java : 173] Starting Servlet engine: [Apache Tomcat/9.0.29]
2024-11-18 19:43:08,403 INFO [restartedMain] o.a.c.c.C.[Tomcat].[localhost].[/] [DirectJDKLog.java : 173] Initializing Spring embedded WebApplicationContext
2024-11-18 19:43:08,403 INFO [restartedMain] o.s.web.context.ContextLoader [ServletWebServerApplicationContext.java : 284] Root WebApplicationContext: initialization completed in 937 ms
2024-11-18 19:43:08,572 INFO [restartedMain] c.b.d.d.DynamicDataSourceCreator [DynamicDataSourceCreator.java : 113] 动态数据源-检测到druid存在,如配置中未指定type,druid会默认配置
2024-11-18 19:43:08,583 INFO [restartedMain] c.alibaba.druid.pool.DruidDataSource [DruidDataSource.java : 930] {dataSource-4,master} inited
2024-11-18 19:43:08,583 INFO [restartedMain] c.b.d.d.DynamicRoutingDataSource [DynamicRoutingDataSource.java : 203] 初始共加载 1 个数据源
2024-11-18 19:43:08,584 INFO [restartedMain] c.b.d.d.DynamicRoutingDataSource [DynamicRoutingDataSource.java : 142] 动态数据源-加载 master 成功
2024-11-18 19:43:08,584 INFO [restartedMain] c.b.d.d.DynamicRoutingDataSource [DynamicRoutingDataSource.java : 212] 当前的默认数据源是单数据源，数据源名为 master
2024-11-18 19:43:09,172 INFO [restartedMain] c.b.w.a.impl.LogRecordPersistence [LogRecordPersistence.java : 41] 方法执行日志缓存数量：1
2024-11-18 19:43:09,609 INFO [restartedMain] c.b.c.config.oss.qiniu.QiniuConfig [QiniuConfig.java : 26] 加载七牛云配置：xxx, xxx, material-support-system, http://mss.oss.bestbigkk.com
2024-11-18 19:43:09,682 INFO [restartedMain] c.b.common.utils.encryption.AESUtils [AESUtils.java : 37] AES工具类密匙：qwertyuiopasdfgh
2024-11-18 19:43:10,050 INFO [restartedMain] o.s.b.a.e.web.EndpointLinksResolver [EndpointLinksResolver.java : 58] Exposing 2 endpoint(s) beneath base path '/actuator'
2024-11-18 19:43:10,211 INFO [restartedMain] s.d.s.w.PropertySourcedRequestMappingHandlerMapping [PropertySourcedRequestMappingHandlerMapping.java : 69] Mapped URL path [/v2/api-docs] onto method [springfox.documentation.swagger2.web.Swagger2Controller#getDocumentation(String, HttpServletRequest)]
2024-11-18 19:43:10,374 INFO [restartedMain] o.s.b.d.a.OptionalLiveReloadServer [OptionalLiveReloadServer.java : 58] LiveReload server is running on port 35729
2024-11-18 19:43:11,362 INFO [restartedMain] s.d.s.w.p.DocumentationPluginsBootstrapper [DocumentationPluginsBootstrapper.java : 160] Context refreshed
2024-11-18 19:43:11,363 INFO [restartedMain] s.d.s.w.p.DocumentationPluginsBootstrapper [DocumentationPluginsBootstrapper.java : 163] Found 1 custom documentation plugin(s)
2024-11-18 19:43:11,386 INFO [restartedMain] s.d.s.w.s.ApiListingReferenceScanner [ApiListingReferenceScanner.java : 41] Scanning for api listing references
2024-11-18 19:43:11,478 INFO [restartedMain] s.d.s.w.r.o.CachingOperationNameGenerator [CachingOperationNameGenerator.java : 40] Generating unique operation named: addUsingPOST_1
2024-11-18 19:43:11,481 INFO [restartedMain] s.d.s.w.r.o.CachingOperationNameGenerator [CachingOperationNameGenerator.java : 40] Generating unique operation named: deleteUsingDELETE_1
2024-11-18 19:43:11,486 INFO [restartedMain] s.d.s.w.r.o.CachingOperationNameGenerator [CachingOperationNameGenerator.java : 40] Generating unique operation named: queryUsingGET_1
2024-11-18 19:43:11,487 INFO [restartedMain] s.d.s.w.r.o.CachingOperationNameGenerator [CachingOperationNameGenerator.java : 40] Generating unique operation named: updateUsingPUT_1
2024-11-18 19:43:11,492 INFO [restartedMain] s.d.s.w.r.o.CachingOperationNameGenerator [CachingOperationNameGenerator.java : 40] Generating unique operation named: addUsingPOST_2
2024-11-18 19:43:11,493 INFO [restartedMain] s.d.s.w.r.o.CachingOperationNameGenerator [CachingOperationNameGenerator.java : 40] Generating unique operation named: deleteUsingDELETE_2
2024-11-18 19:43:11,494 INFO [restartedMain] s.d.s.w.r.o.CachingOperationNameGenerator [CachingOperationNameGenerator.java : 40] Generating unique operation named: queryUsingGET_2
2024-11-18 19:43:11,501 INFO [restartedMain] s.d.s.w.r.o.CachingOperationNameGenerator [CachingOperationNameGenerator.java : 40] Generating unique operation named: querysUsingGET_1
2024-11-18 19:43:11,502 INFO [restartedMain] s.d.s.w.r.o.CachingOperationNameGenerator [CachingOperationNameGenerator.java : 40] Generating unique operation named: updateUsingPUT_2
2024-11-18 19:43:11,509 INFO [restartedMain] s.d.s.w.r.o.CachingOperationNameGenerator [CachingOperationNameGenerator.java : 40] Generating unique operation named: addUsingPOST_3
2024-11-18 19:43:11,511 INFO [restartedMain] s.d.s.w.r.o.CachingOperationNameGenerator [CachingOperationNameGenerator.java : 40] Generating unique operation named: deleteUsingDELETE_3
2024-11-18 19:43:11,512 INFO [restartedMain] s.d.s.w.r.o.CachingOperationNameGenerator [CachingOperationNameGenerator.java : 40] Generating unique operation named: queryUsingGET_3
2024-11-18 19:43:11,520 INFO [restartedMain] s.d.s.w.r.o.CachingOperationNameGenerator [CachingOperationNameGenerator.java : 40] Generating unique operation named: querysUsingGET_2
2024-11-18 19:43:11,521 INFO [restartedMain] s.d.s.w.r.o.CachingOperationNameGenerator [CachingOperationNameGenerator.java : 40] Generating unique operation named: updateUsingPUT_3
2024-11-18 19:43:11,532 INFO [restartedMain] s.d.s.w.r.o.CachingOperationNameGenerator [CachingOperationNameGenerator.java : 40] Generating unique operation named: addUsingPOST_4
2024-11-18 19:43:11,533 INFO [restartedMain] s.d.s.w.r.o.CachingOperationNameGenerator [CachingOperationNameGenerator.java : 40] Generating unique operation named: deleteUsingDELETE_4
2024-11-18 19:43:11,534 INFO [restartedMain] s.d.s.w.r.o.CachingOperationNameGenerator [CachingOperationNameGenerator.java : 40] Generating unique operation named: queryUsingGET_4
2024-11-18 19:43:11,541 INFO [restartedMain] s.d.s.w.r.o.CachingOperationNameGenerator [CachingOperationNameGenerator.java : 40] Generating unique operation named: querysUsingGET_3
2024-11-18 19:43:11,542 INFO [restartedMain] s.d.s.w.r.o.CachingOperationNameGenerator [CachingOperationNameGenerator.java : 40] Generating unique operation named: updateUsingPUT_4
2024-11-18 19:43:11,550 INFO [restartedMain] s.d.s.w.r.o.CachingOperationNameGenerator [CachingOperationNameGenerator.java : 40] Generating unique operation named: addUsingPOST_5
2024-11-18 19:43:11,551 INFO [restartedMain] s.d.s.w.r.o.CachingOperationNameGenerator [CachingOperationNameGenerator.java : 40] Generating unique operation named: deleteUsingDELETE_5
2024-11-18 19:43:11,553 INFO [restartedMain] s.d.s.w.r.o.CachingOperationNameGenerator [CachingOperationNameGenerator.java : 40] Generating unique operation named: queryUsingGET_5
2024-11-18 19:43:11,561 INFO [restartedMain] s.d.s.w.r.o.CachingOperationNameGenerator [CachingOperationNameGenerator.java : 40] Generating unique operation named: querysUsingGET_4
2024-11-18 19:43:11,563 INFO [restartedMain] s.d.s.w.r.o.CachingOperationNameGenerator [CachingOperationNameGenerator.java : 40] Generating unique operation named: updateUsingPUT_5
2024-11-18 19:43:11,588 INFO [restartedMain] o.s.b.w.e.tomcat.TomcatWebServer [TomcatWebServer.java : 204] Tomcat started on port(s): 21584 (http) with context path ''
2024-11-18 19:43:11,589 INFO [restartedMain] com.bestbigkk.BBKApplication [StartupInfoLogger.java : 61] Started BBKApplication in 4.313 seconds (JVM running for 1684.259)
2024-11-18 19:43:11,592 INFO [restartedMain] com.bestbigkk.web.config.GlobalInit [GlobalInit.java : 18] 伴随启动行为...
2024-11-18 19:43:11,639 INFO [restartedMain] com.bestbigkk.web.config.WithBoot [WithBoot.java : 45] 成功分配机器编号：MaterialSupportSystem_node_5
2024-11-18 19:43:11,641 INFO [restartedMain] o.s.b.d.a.ConditionEvaluationDeltaLoggingListener [ConditionEvaluationDeltaLoggingListener.java : 63] Condition evaluation unchanged
2024-11-18 19:43:27,980 INFO [Thread-66] c.b.d.d.DynamicRoutingDataSource [DynamicRoutingDataSource.java : 182] closing dynamicDatasource  ing....
2024-11-18 19:43:27,996 INFO [Thread-66] c.alibaba.druid.pool.DruidDataSource [DruidDataSource.java : 1825] {dataSource-4} closed
2024-11-18 19:43:30,811 INFO [restartedMain] com.bestbigkk.BBKApplication [StartupInfoLogger.java : 55] Starting BBKApplication on ananMacBook-Air.local with PID 28075 (/Users/aq/Documents/CS5760/project/EMRMS/bbk-mss-java/bbk-mss-web/target/classes started by aq in /Users/aq/Documents/CS5760/project/EMRMS/bbk-mss-java)
2024-11-18 19:43:30,904 INFO [restartedMain] com.bestbigkk.BBKApplication [SpringApplication.java : 651] No active profile set, falling back to default profiles: default
2024-11-18 19:43:31,383 INFO [restartedMain] o.s.d.r.c.RepositoryConfigurationDelegate [RepositoryConfigurationDelegate.java : 249] Multiple Spring Data modules found, entering strict repository configuration mode!
2024-11-18 19:43:31,384 INFO [restartedMain] o.s.d.r.c.RepositoryConfigurationDelegate [RepositoryConfigurationDelegate.java : 127] Bootstrapping Spring Data Redis repositories in DEFAULT mode.
2024-11-18 19:43:31,403 INFO [restartedMain] o.s.d.r.c.RepositoryConfigurationDelegate [RepositoryConfigurationDelegate.java : 187] Finished Spring Data repository scanning in 18ms. Found 0 Redis repository interfaces.
2024-11-18 19:43:31,525 INFO [restartedMain] o.s.c.s.PostProcessorRegistrationDelegate$BeanPostProcessorChecker [PostProcessorRegistrationDelegate.java : 330] Bean 'spring.redis-org.springframework.boot.autoconfigure.data.redis.RedisProperties' of type [org.springframework.boot.autoconfigure.data.redis.RedisProperties] is not eligible for getting processed by all BeanPostProcessors (for example: not eligible for auto-proxying)
2024-11-18 19:43:31,527 INFO [restartedMain] o.s.c.s.PostProcessorRegistrationDelegate$BeanPostProcessorChecker [PostProcessorRegistrationDelegate.java : 330] Bean 'org.springframework.boot.autoconfigure.data.redis.LettuceConnectionConfiguration' of type [org.springframework.boot.autoconfigure.data.redis.LettuceConnectionConfiguration] is not eligible for getting processed by all BeanPostProcessors (for example: not eligible for auto-proxying)
2024-11-18 19:43:31,530 INFO [restartedMain] o.s.c.s.PostProcessorRegistrationDelegate$BeanPostProcessorChecker [PostProcessorRegistrationDelegate.java : 330] Bean 'lettuceClientResources' of type [io.lettuce.core.resource.DefaultClientResources] is not eligible for getting processed by all BeanPostProcessors (for example: not eligible for auto-proxying)
2024-11-18 19:43:31,532 INFO [restartedMain] o.s.c.s.PostProcessorRegistrationDelegate$BeanPostProcessorChecker [PostProcessorRegistrationDelegate.java : 330] Bean 'redisConnectionFactory' of type [org.springframework.data.redis.connection.lettuce.LettuceConnectionFactory] is not eligible for getting processed by all BeanPostProcessors (for example: not eligible for auto-proxying)
2024-11-18 19:43:31,534 INFO [restartedMain] o.s.c.s.PostProcessorRegistrationDelegate$BeanPostProcessorChecker [PostProcessorRegistrationDelegate.java : 330] Bean 'redisConfig' of type [com.bestbigkk.web.config.RedisConfig$$EnhancerBySpringCGLIB$$3e0bdca8] is not eligible for getting processed by all BeanPostProcessors (for example: not eligible for auto-proxying)
2024-11-18 19:43:31,537 INFO [restartedMain] o.s.c.s.PostProcessorRegistrationDelegate$BeanPostProcessorChecker [PostProcessorRegistrationDelegate.java : 330] Bean 'jwtUtils' of type [com.bestbigkk.common.utils.JwtUtils] is not eligible for getting processed by all BeanPostProcessors (for example: not eligible for auto-proxying)
2024-11-18 19:43:31,537 INFO [restartedMain] o.s.c.s.PostProcessorRegistrationDelegate$BeanPostProcessorChecker [PostProcessorRegistrationDelegate.java : 330] Bean 'myJwtRealm' of type [com.bestbigkk.web.config.shiro.authc.MyJwtRealm] is not eligible for getting processed by all BeanPostProcessors (for example: not eligible for auto-proxying)
2024-11-18 19:43:31,538 INFO [restartedMain] o.s.c.s.PostProcessorRegistrationDelegate$BeanPostProcessorChecker [PostProcessorRegistrationDelegate.java : 330] Bean 'shiroConfig' of type [com.bestbigkk.web.config.shiro.ShiroConfig$$EnhancerBySpringCGLIB$$41f3e481] is not eligible for getting processed by all BeanPostProcessors (for example: not eligible for auto-proxying)
2024-11-18 19:43:31,549 INFO [restartedMain] c.b.web.config.shiro.ShiroConfig [ShiroConfig.java : 121] 成功注入自定义Realm: com.bestbigkk.web.config.shiro.authc.MyJwtRealm
2024-11-18 19:43:31,550 INFO [restartedMain] c.b.web.config.shiro.ShiroConfig [ShiroConfig.java : 166] 创建Shiro缓存管理器RedisCacheManager, 缓存时间:3600
2024-11-18 19:43:31,552 INFO [restartedMain] com.bestbigkk.web.config.RedisConfig [RedisConfig.java : 81] 创建RedisManager,连接Redis..URL= localhost:6379
2024-11-18 19:43:31,552 INFO [restartedMain] o.s.c.s.PostProcessorRegistrationDelegate$BeanPostProcessorChecker [PostProcessorRegistrationDelegate.java : 330] Bean 'redisManager' of type [org.crazycake.shiro.RedisManager] is not eligible for getting processed by all BeanPostProcessors (for example: not eligible for auto-proxying)
2024-11-18 19:43:31,553 INFO [restartedMain] o.s.c.s.PostProcessorRegistrationDelegate$BeanPostProcessorChecker [PostProcessorRegistrationDelegate.java : 330] Bean 'securityManager' of type [org.apache.shiro.web.mgt.DefaultWebSecurityManager] is not eligible for getting processed by all BeanPostProcessors (for example: not eligible for auto-proxying)
2024-11-18 19:43:31,564 INFO [restartedMain] c.b.web.config.shiro.ShiroConfig [ShiroConfig.java : 106] 配置Shiro拦截链完成...
2024-11-18 19:43:31,573 INFO [restartedMain] o.s.c.s.PostProcessorRegistrationDelegate$BeanPostProcessorChecker [PostProcessorRegistrationDelegate.java : 330] Bean 'authorizationAttributeSourceAdvisor' of type [org.apache.shiro.spring.security.interceptor.AuthorizationAttributeSourceAdvisor] is not eligible for getting processed by all BeanPostProcessors (for example: not eligible for auto-proxying)
2024-11-18 19:43:31,584 INFO [restartedMain] o.s.c.s.PostProcessorRegistrationDelegate$BeanPostProcessorChecker [PostProcessorRegistrationDelegate.java : 330] Bean 'spring.datasource.dynamic-com.baomidou.dynamic.datasource.spring.boot.autoconfigure.DynamicDataSourceProperties' of type [com.baomidou.dynamic.datasource.spring.boot.autoconfigure.DynamicDataSourceProperties] is not eligible for getting processed by all BeanPostProcessors (for example: not eligible for auto-proxying)
2024-11-18 19:43:31,606 INFO [restartedMain] o.s.c.s.PostProcessorRegistrationDelegate$BeanPostProcessorChecker [PostProcessorRegistrationDelegate.java : 330] Bean 'com.baomidou.dynamic.datasource.spring.boot.autoconfigure.DynamicDataSourceAutoConfiguration' of type [com.baomidou.dynamic.datasource.spring.boot.autoconfigure.DynamicDataSourceAutoConfiguration$$EnhancerBySpringCGLIB$$d8b2ec2a] is not eligible for getting processed by all BeanPostProcessors (for example: not eligible for auto-proxying)
2024-11-18 19:43:31,613 INFO [restartedMain] o.s.c.s.PostProcessorRegistrationDelegate$BeanPostProcessorChecker [PostProcessorRegistrationDelegate.java : 330] Bean 'dsProcessor' of type [com.baomidou.dynamic.datasource.processor.DsHeaderProcessor] is not eligible for getting processed by all BeanPostProcessors (for example: not eligible for auto-proxying)
2024-11-18 19:43:31,616 INFO [restartedMain] o.s.c.s.PostProcessorRegistrationDelegate$BeanPostProcessorChecker [PostProcessorRegistrationDelegate.java : 330] Bean 'dynamicDatasourceAnnotationAdvisor' of type [com.baomidou.dynamic.datasource.aop.DynamicDataSourceAnnotationAdvisor] is not eligible for getting processed by all BeanPostProcessors (for example: not eligible for auto-proxying)
2024-11-18 19:43:31,647 INFO [restartedMain] o.s.c.s.PostProcessorRegistrationDelegate$BeanPostProcessorChecker [PostProcessorRegistrationDelegate.java : 330] Bean 'org.springframework.transaction.annotation.ProxyTransactionManagementConfiguration' of type [org.springframework.transaction.annotation.ProxyTransactionManagementConfiguration] is not eligible for getting processed by all BeanPostProcessors (for example: not eligible for auto-proxying)
2024-11-18 19:43:31,669 INFO [restartedMain] o.s.c.s.PostProcessorRegistrationDelegate$BeanPostProcessorChecker [PostProcessorRegistrationDelegate.java : 330] Bean 'org.apache.shiro.spring.boot.autoconfigure.ShiroBeanAutoConfiguration' of type [org.apache.shiro.spring.boot.autoconfigure.ShiroBeanAutoConfiguration$$EnhancerBySpringCGLIB$$823d5909] is not eligible for getting processed by all BeanPostProcessors (for example: not eligible for auto-proxying)
2024-11-18 19:43:31,672 INFO [restartedMain] o.s.c.s.PostProcessorRegistrationDelegate$BeanPostProcessorChecker [PostProcessorRegistrationDelegate.java : 330] Bean 'eventBus' of type [org.apache.shiro.event.support.DefaultEventBus] is not eligible for getting processed by all BeanPostProcessors (for example: not eligible for auto-proxying)
2024-11-18 19:43:31,827 INFO [restartedMain] o.s.b.w.e.tomcat.TomcatWebServer [TomcatWebServer.java : 92] Tomcat initialized with port(s): 21584 (http)
2024-11-18 19:43:31,830 INFO [restartedMain] o.a.catalina.core.StandardService [DirectJDKLog.java : 173] Starting service [Tomcat]
2024-11-18 19:43:31,830 INFO [restartedMain] o.a.catalina.core.StandardEngine [DirectJDKLog.java : 173] Starting Servlet engine: [Apache Tomcat/9.0.29]
2024-11-18 19:43:31,842 INFO [restartedMain] o.a.c.c.C.[Tomcat].[localhost].[/] [DirectJDKLog.java : 173] Initializing Spring embedded WebApplicationContext
2024-11-18 19:43:31,842 INFO [restartedMain] o.s.web.context.ContextLoader [ServletWebServerApplicationContext.java : 284] Root WebApplicationContext: initialization completed in 918 ms
2024-11-18 19:43:32,019 INFO [restartedMain] c.b.d.d.DynamicDataSourceCreator [DynamicDataSourceCreator.java : 113] 动态数据源-检测到druid存在,如配置中未指定type,druid会默认配置
2024-11-18 19:43:32,030 INFO [restartedMain] c.alibaba.druid.pool.DruidDataSource [DruidDataSource.java : 930] {dataSource-5,master} inited
2024-11-18 19:43:32,030 INFO [restartedMain] c.b.d.d.DynamicRoutingDataSource [DynamicRoutingDataSource.java : 203] 初始共加载 1 个数据源
2024-11-18 19:43:32,030 INFO [restartedMain] c.b.d.d.DynamicRoutingDataSource [DynamicRoutingDataSource.java : 142] 动态数据源-加载 master 成功
2024-11-18 19:43:32,031 INFO [restartedMain] c.b.d.d.DynamicRoutingDataSource [DynamicRoutingDataSource.java : 212] 当前的默认数据源是单数据源，数据源名为 master
2024-11-18 19:43:32,498 INFO [restartedMain] c.b.w.a.impl.LogRecordPersistence [LogRecordPersistence.java : 41] 方法执行日志缓存数量：1
2024-11-18 19:43:32,914 INFO [restartedMain] c.b.c.config.oss.qiniu.QiniuConfig [QiniuConfig.java : 26] 加载七牛云配置：xxx, xxx, material-support-system, http://mss.oss.bestbigkk.com
2024-11-18 19:43:32,993 INFO [restartedMain] c.b.common.utils.encryption.AESUtils [AESUtils.java : 37] AES工具类密匙：qwertyuiopasdfgh
2024-11-18 19:43:33,370 INFO [restartedMain] o.s.b.a.e.web.EndpointLinksResolver [EndpointLinksResolver.java : 58] Exposing 2 endpoint(s) beneath base path '/actuator'
2024-11-18 19:43:33,535 INFO [restartedMain] s.d.s.w.PropertySourcedRequestMappingHandlerMapping [PropertySourcedRequestMappingHandlerMapping.java : 69] Mapped URL path [/v2/api-docs] onto method [springfox.documentation.swagger2.web.Swagger2Controller#getDocumentation(String, HttpServletRequest)]
2024-11-18 19:43:33,701 INFO [restartedMain] o.s.b.d.a.OptionalLiveReloadServer [OptionalLiveReloadServer.java : 58] LiveReload server is running on port 35729
2024-11-18 19:43:34,666 INFO [restartedMain] s.d.s.w.p.DocumentationPluginsBootstrapper [DocumentationPluginsBootstrapper.java : 160] Context refreshed
2024-11-18 19:43:34,668 INFO [restartedMain] s.d.s.w.p.DocumentationPluginsBootstrapper [DocumentationPluginsBootstrapper.java : 163] Found 1 custom documentation plugin(s)
2024-11-18 19:43:34,686 INFO [restartedMain] s.d.s.w.s.ApiListingReferenceScanner [ApiListingReferenceScanner.java : 41] Scanning for api listing references
2024-11-18 19:43:34,778 INFO [restartedMain] s.d.s.w.r.o.CachingOperationNameGenerator [CachingOperationNameGenerator.java : 40] Generating unique operation named: addUsingPOST_1
2024-11-18 19:43:34,780 INFO [restartedMain] s.d.s.w.r.o.CachingOperationNameGenerator [CachingOperationNameGenerator.java : 40] Generating unique operation named: deleteUsingDELETE_1
2024-11-18 19:43:34,784 INFO [restartedMain] s.d.s.w.r.o.CachingOperationNameGenerator [CachingOperationNameGenerator.java : 40] Generating unique operation named: queryUsingGET_1
2024-11-18 19:43:34,786 INFO [restartedMain] s.d.s.w.r.o.CachingOperationNameGenerator [CachingOperationNameGenerator.java : 40] Generating unique operation named: updateUsingPUT_1
2024-11-18 19:43:34,793 INFO [restartedMain] s.d.s.w.r.o.CachingOperationNameGenerator [CachingOperationNameGenerator.java : 40] Generating unique operation named: addUsingPOST_2
2024-11-18 19:43:34,794 INFO [restartedMain] s.d.s.w.r.o.CachingOperationNameGenerator [CachingOperationNameGenerator.java : 40] Generating unique operation named: deleteUsingDELETE_2
2024-11-18 19:43:34,795 INFO [restartedMain] s.d.s.w.r.o.CachingOperationNameGenerator [CachingOperationNameGenerator.java : 40] Generating unique operation named: queryUsingGET_2
2024-11-18 19:43:34,799 INFO [restartedMain] s.d.s.w.r.o.CachingOperationNameGenerator [CachingOperationNameGenerator.java : 40] Generating unique operation named: querysUsingGET_1
2024-11-18 19:43:34,800 INFO [restartedMain] s.d.s.w.r.o.CachingOperationNameGenerator [CachingOperationNameGenerator.java : 40] Generating unique operation named: updateUsingPUT_2
2024-11-18 19:43:34,806 INFO [restartedMain] s.d.s.w.r.o.CachingOperationNameGenerator [CachingOperationNameGenerator.java : 40] Generating unique operation named: addUsingPOST_3
2024-11-18 19:43:34,807 INFO [restartedMain] s.d.s.w.r.o.CachingOperationNameGenerator [CachingOperationNameGenerator.java : 40] Generating unique operation named: deleteUsingDELETE_3
2024-11-18 19:43:34,808 INFO [restartedMain] s.d.s.w.r.o.CachingOperationNameGenerator [CachingOperationNameGenerator.java : 40] Generating unique operation named: queryUsingGET_3
2024-11-18 19:43:34,811 INFO [restartedMain] s.d.s.w.r.o.CachingOperationNameGenerator [CachingOperationNameGenerator.java : 40] Generating unique operation named: querysUsingGET_2
2024-11-18 19:43:34,813 INFO [restartedMain] s.d.s.w.r.o.CachingOperationNameGenerator [CachingOperationNameGenerator.java : 40] Generating unique operation named: updateUsingPUT_3
2024-11-18 19:43:34,818 INFO [restartedMain] s.d.s.w.r.o.CachingOperationNameGenerator [CachingOperationNameGenerator.java : 40] Generating unique operation named: addUsingPOST_4
2024-11-18 19:43:34,818 INFO [restartedMain] s.d.s.w.r.o.CachingOperationNameGenerator [CachingOperationNameGenerator.java : 40] Generating unique operation named: deleteUsingDELETE_4
2024-11-18 19:43:34,819 INFO [restartedMain] s.d.s.w.r.o.CachingOperationNameGenerator [CachingOperationNameGenerator.java : 40] Generating unique operation named: queryUsingGET_4
2024-11-18 19:43:34,824 INFO [restartedMain] s.d.s.w.r.o.CachingOperationNameGenerator [CachingOperationNameGenerator.java : 40] Generating unique operation named: querysUsingGET_3
2024-11-18 19:43:34,825 INFO [restartedMain] s.d.s.w.r.o.CachingOperationNameGenerator [CachingOperationNameGenerator.java : 40] Generating unique operation named: updateUsingPUT_4
2024-11-18 19:43:34,835 INFO [restartedMain] s.d.s.w.r.o.CachingOperationNameGenerator [CachingOperationNameGenerator.java : 40] Generating unique operation named: addUsingPOST_5
2024-11-18 19:43:34,836 INFO [restartedMain] s.d.s.w.r.o.CachingOperationNameGenerator [CachingOperationNameGenerator.java : 40] Generating unique operation named: deleteUsingDELETE_5
2024-11-18 19:43:34,837 INFO [restartedMain] s.d.s.w.r.o.CachingOperationNameGenerator [CachingOperationNameGenerator.java : 40] Generating unique operation named: queryUsingGET_5
2024-11-18 19:43:34,840 INFO [restartedMain] s.d.s.w.r.o.CachingOperationNameGenerator [CachingOperationNameGenerator.java : 40] Generating unique operation named: querysUsingGET_4
2024-11-18 19:43:34,841 INFO [restartedMain] s.d.s.w.r.o.CachingOperationNameGenerator [CachingOperationNameGenerator.java : 40] Generating unique operation named: updateUsingPUT_5
2024-11-18 19:43:34,860 INFO [restartedMain] o.s.b.w.e.tomcat.TomcatWebServer [TomcatWebServer.java : 204] Tomcat started on port(s): 21584 (http) with context path ''
2024-11-18 19:43:34,860 INFO [restartedMain] com.bestbigkk.BBKApplication [StartupInfoLogger.java : 61] Started BBKApplication in 4.228 seconds (JVM running for 1707.53)
2024-11-18 19:43:34,862 INFO [restartedMain] com.bestbigkk.web.config.GlobalInit [GlobalInit.java : 18] 伴随启动行为...
2024-11-18 19:43:34,881 INFO [restartedMain] com.bestbigkk.web.config.WithBoot [WithBoot.java : 45] 成功分配机器编号：MaterialSupportSystem_node_6
2024-11-18 19:43:34,886 INFO [restartedMain] o.s.b.d.a.ConditionEvaluationDeltaLoggingListener [ConditionEvaluationDeltaLoggingListener.java : 63] Condition evaluation unchanged
2024-11-18 19:43:54,407 INFO [http-nio-21584-exec-5] o.a.c.c.C.[Tomcat].[localhost].[/] [DirectJDKLog.java : 173] Initializing Spring DispatcherServlet 'dispatcherServlet'
2024-11-18 19:43:54,419 INFO [http-nio-21584-exec-5] o.s.web.servlet.DispatcherServlet [FrameworkServlet.java : 525] Initializing Servlet 'dispatcherServlet'
2024-11-18 19:43:54,464 INFO [http-nio-21584-exec-5] o.s.web.servlet.DispatcherServlet [FrameworkServlet.java : 547] Completed initialization in 44 ms
2024-11-18 19:43:54,586 INFO [http-nio-21584-exec-5] c.b.w.r.handler.ResponseWrapper [ResponseWrapper.java : 31] returnType: [method 'querys' parameter -1]
2024-11-18 19:43:54,589 INFO [http-nio-21584-exec-5] c.b.w.r.handler.ResponseWrapper [ResponseWrapper.java : 32] converterType: [class org.springframework.http.converter.json.MappingJackson2HttpMessageConverter]
2024-11-18 19:58:18,077 INFO [http-nio-21584-exec-8] c.b.w.r.handler.ResponseWrapper [ResponseWrapper.java : 31] returnType: [method 'querys' parameter -1]
2024-11-18 19:58:18,083 INFO [http-nio-21584-exec-8] c.b.w.r.handler.ResponseWrapper [ResponseWrapper.java : 32] converterType: [class org.springframework.http.converter.json.MappingJackson2HttpMessageConverter]
2024-11-18 20:07:07,927 INFO [http-nio-21584-exec-4] c.b.w.r.handler.ResponseWrapper [ResponseWrapper.java : 31] returnType: [method 'login' parameter -1]
2024-11-18 20:07:07,929 INFO [http-nio-21584-exec-4] c.b.w.r.handler.ResponseWrapper [ResponseWrapper.java : 32] converterType: [class org.springframework.http.converter.json.MappingJackson2HttpMessageConverter]
2024-11-18 20:08:52,298 INFO [http-nio-21584-exec-10] c.b.w.r.handler.ResponseWrapper [ResponseWrapper.java : 31] returnType: [method 'login' parameter -1]
2024-11-18 20:08:52,299 INFO [http-nio-21584-exec-10] c.b.w.r.handler.ResponseWrapper [ResponseWrapper.java : 32] converterType: [class org.springframework.http.converter.json.MappingJackson2HttpMessageConverter]
2024-11-18 21:23:28,458 INFO [http-nio-21584-exec-2] c.b.w.r.handler.ResponseWrapper [ResponseWrapper.java : 31] returnType: [method 'login' parameter -1]
2024-11-18 21:23:28,465 INFO [http-nio-21584-exec-2] c.b.w.r.handler.ResponseWrapper [ResponseWrapper.java : 32] converterType: [class org.springframework.http.converter.json.MappingJackson2HttpMessageConverter]
2024-11-18 21:23:38,645 INFO [http-nio-21584-exec-6] c.b.w.r.handler.ResponseWrapper [ResponseWrapper.java : 31] returnType: [method 'login' parameter -1]
2024-11-18 21:23:38,646 INFO [http-nio-21584-exec-6] c.b.w.r.handler.ResponseWrapper [ResponseWrapper.java : 32] converterType: [class org.springframework.http.converter.json.MappingJackson2HttpMessageConverter]
2024-11-18 21:24:40,720 INFO [http-nio-21584-exec-7] c.b.w.r.handler.ResponseWrapper [ResponseWrapper.java : 31] returnType: [method 'login' parameter -1]
2024-11-18 21:24:40,722 INFO [http-nio-21584-exec-7] c.b.w.r.handler.ResponseWrapper [ResponseWrapper.java : 32] converterType: [class org.springframework.http.converter.json.MappingJackson2HttpMessageConverter]
2024-11-18 21:24:44,094 INFO [http-nio-21584-exec-8] c.b.w.r.handler.ResponseWrapper [ResponseWrapper.java : 31] returnType: [method 'login' parameter -1]
2024-11-18 21:24:44,098 INFO [http-nio-21584-exec-8] c.b.w.r.handler.ResponseWrapper [ResponseWrapper.java : 32] converterType: [class org.springframework.http.converter.json.MappingJackson2HttpMessageConverter]
2024-11-18 21:25:57,682 INFO [http-nio-21584-exec-4] c.b.w.r.handler.ResponseWrapper [ResponseWrapper.java : 31] returnType: [method 'login' parameter -1]
2024-11-18 21:25:57,684 INFO [http-nio-21584-exec-4] c.b.w.r.handler.ResponseWrapper [ResponseWrapper.java : 32] converterType: [class org.springframework.http.converter.json.MappingJackson2HttpMessageConverter]
2024-11-18 21:26:20,784 INFO [http-nio-21584-exec-3] c.b.w.r.handler.ResponseWrapper [ResponseWrapper.java : 31] returnType: [method 'login' parameter -1]
2024-11-18 21:26:20,785 INFO [http-nio-21584-exec-3] c.b.w.r.handler.ResponseWrapper [ResponseWrapper.java : 32] converterType: [class org.springframework.http.converter.json.MappingJackson2HttpMessageConverter]
